Hour - 3
Min - 36
Day of the week - 4
~~~~~~~~~~~~~~~~~~~~~~~~~~~~~~~~~~~~~~~~~~~~~~~~~
SYSTEM
15/08/2018 03:37:01
ourTHBot uploaded...
~~~~~~~~~~~~~~~~~~~~~~~~~~~~~~~~~~~~~~~~~~~~~~~~~
~~~~~~~~~~~~~~~~~~~~~~~~~~~~~~~~~~~~~~~~~~~~~~~~~
SYSTEM
15/08/2018 03:37:01
ourTHBot is online!!
~~~~~~~~~~~~~~~~~~~~~~~~~~~~~~~~~~~~~~~~~~~~~~~~~
~~~~~~~~~~~~~~~~~~~~~~~~~~~~~~~~~~~~~~~~~~~~~~~~~
SYSTEM
15/08/2018 03:37:01
Reading from external txt file...
~~~~~~~~~~~~~~~~~~~~~~~~~~~~~~~~~~~~~~~~~~~~~~~~~
119064344 - null - Sushi - null - Sushi - A0168287M - C
=============
66698362 - ysyamin - Yamin - Soe - Yamin - A0172883U - E
=============
75952896 - Chimeee - Chime - null - Some dude - A0166863R - C
=============
259046648 - PhuahWD - Wei Deng - Phuah - Wei Deng - A0171282J - E
=============
32032992 - chianggg - Chiang - null - Wenhsin - A0171716E - C
=============
69348776 - benlohjh - B - null - ben - A0155222R - D
=============
25263626 - fongyihao - Yi Hao - null - YH - A0155528Y - C
=============
148095583 - albaobao - na ?(?_??)? - null - Alvina - A0143433N - C
=============
85747212 - silaschoe - silas - null - Silas the Ostrich 98 - A0176993H - B
=============
62781477 - FeliciaNg - Felicia - Ng - Fel - A0173505J - B
=============
246394167 - EatOrBeEaten - Yuan - null - Dduddudu - A0166977E - D
=============
148945533 - null - cheery - chua - Cheery - A0143348E - B
=============
49551696 - harshvirr - Harshvir - Singh - Harshvir - A0167833W - C
=============
317506634 - EmoBeany - Kha sim - null - EmoBeany - A0167759H - C
=============
107817669 - null - Priscilla - Ann - Pris - A0142835E - B
=============
152347576 - ahhhlok - Xin Ying - Lok - lok - A0157942W - D
=============
132520011 - OldTeaHut - Singapore Police Force - null - Weirong - A0139884L - B
=============
18504360 - Zer_Hien - Ng - Zer Hien - Zer Hien - A0166663W - E
=============
250919495 - squarehippos - Sabrina - null - sabrina - A0172322R - C
=============
436421040 - imajoke - Yuqian - null - yuqian - A0172853Y - E
=============
247454090 - null - Joshua - null - Joshua - A0155163J - C
=============
39522030 - Alvin_r_h - Alvin - null - Alvin - A0171773Y - C
=============
24214342 - trevogue - Trevor - He - Trevogue - A0110888Y - B
=============
53398297 - yatnelg - Glen - Tay - Glen - A0155271J - C
=============
130981623 - roundthebriars - Shorn - null - Sean - A0167385R - B
=============
246359060 - null - Wei Xuan - null - Weixuan - A0173125M - C
=============
39358104 - sushihmin - Shih Min - null - Shih Min - A0171012B - E
=============
64341910 - null - Xiang Rong - null - XR - A0167337X - B
=============
93362131 - null - Keechong - Teo - Kee Chong - A0168734U - D
=============
297704317 - KNIGHTNDAE - Jian Der - Quek - Lord Vader - A0166981N - D
=============
89312793 - yapzo - Charlene - null - Charlene - A0156507A - C
=============
266125970 - THWQT - Timothy - Heng - Timo - A0168002R - C
=============
235770563 - darreltoh - Darrel - null - Darrel - A0139279N - C
=============
68984530 - gokes212 - Rajendran - Gokul? - Mystery - A0167792M - C
=============
161149013 - treezapizza - treezapizza? - null - supreme leader treezapizza ???? - A0158144E - C
=============
107048622 - null - Yap - Wee Swan - swan - A0171760H - C
=============
33323948 - itzfee - Felix - Tseng - Felix - A0167828M - E
=============
28449122 - biilllee - Bill ? - null - Billy Baller - A0167396M - D
=============
281317014 - null - Chun - Yang - Chun - A0139592U - C
=============
397309052 - null - Rachel - Teo - Rach - A0176818N - C
=============
81258501 - lolololpr - Peng Ru - Soo - Soozy - A0156298N - C
=============
146279788 - shaunyyyyyyy - Shaun - null - Shaun - A0154259Y - E
=============
224080398 - yitingtay - Yi Ting - null - Yi Ting - A0157802E - B
=============
160906701 - null - Aloysius - Chua - Aloy - A0140525R - C
=============
21400988 - null - Sherianne - Lew - Sherianne - A0161741L - C
=============
133482030 - KhapitStrawberry - Kheng Hian - Khapit Strawbery Ang - Kheng Hian - A0168211M - D
=============
154115826 - delwyn96 - Delwyn - Goh - De - A0171209L - D
=============
126955120 - null - Jing Shen - Khoo - KJS - A0154715E - C
=============
212499145 - null - Ysabel - Yeo - Beautifulgirl - A0171597R - C
=============
158437268 - cheryltai - Cheryl - Tai - Cheryl - A0172375B - C
=============
177514238 - Finianfoo - Finian - Foo - Finian - A0177594L - C
=============
51236071 - calvinscl - Cal - null - Calvin - A0124229L - D
=============
131119037 - rracko - reiko - null - reiko - A0171457B - C
=============
141346460 - retardedy - Lee Jiang - null - Lee Jiang - A0154091L - C
=============
212304211 - null - Jing - Ying - Jy - A0176770W - D
=============
21330992 - null - vikram - null - vikram - A0176973L - B
=============
118169726 - junetcj - June - null - June - A0172780B - B
=============
13203121 - lblmu - Rachel - null - Rachel - A0176763R - C
=============
44552414 - null - Pei Wen ? - null - Peiwen - A0171613M - C
=============
219019505 - tkdwhitebelt - Benjamin Yeo - null - Benjimaru - A0140666E - B
=============
203597916 - donamuimui - Donavan - Mui - Don - A0168028B - C
=============
~~~~~~~~~~~~~~~~~~~~~~~~~~~~~~~~~~~~~~~~~~~~~~~~~
SYSTEM
15/08/2018 03:37:01
Databases reset... re-registering bot users...
~~~~~~~~~~~~~~~~~~~~~~~~~~~~~~~~~~~~~~~~~~~~~~~~~
24027079 - ericyjw - Eric - null - Handsome Boii - A0168055B - C
=============
166483090 - jayrometan - Jerome - null - Jerome - A0155373A - C
=============
~~~~~~~~~~~~~~~~~~~~~~~~~~~~~~~~~~~~~~~~~~~~~~~~~
SYSTEM
15/08/2018 03:37:01
Databases reset... re-registered admins...
~~~~~~~~~~~~~~~~~~~~~~~~~~~~~~~~~~~~~~~~~~~~~~~~~
~~~~~~~~~~~~~~~~~~~~~~~~~~~~~~~~~~~~~~~~~~~~~~~~~
SYSTEM
15/08/2018 03:37:01
Databases reset... re-registered banned users...
~~~~~~~~~~~~~~~~~~~~~~~~~~~~~~~~~~~~~~~~~~~~~~~~~
~~~~~~~~~~~~~~~~~~~~~~~~~~~~~~~~~~~~~~~~~~~~~~~~~
SYSTEM
15/08/2018 03:37:01
Read from external txt file...
~~~~~~~~~~~~~~~~~~~~~~~~~~~~~~~~~~~~~~~~~~~~~~~~~
~~~~~~~~~~~~~~~~~~~~~~~~~~~~~~~~~~~~~~~~~~~~~~~~~
SYSTEM
15/08/2018 03:37:09
New user registering...
~~~~~~~~~~~~~~~~~~~~~~~~~~~~~~~~~~~~~~~~~~~~~~~~~
:::::::::::::::::::::::::::::::::::::::::::::::::
USER MODE
15/08/2018 03:37:10
Chat ID - 24027079
Bot User 24027079 - ericyjw (Eric, null)
Temasekian -  () from Blk 
ERROR: System has been updated... Database reset...
User needs to registered himself again...
:::::::::::::::::::::::::::::::::::::::::::::::::
~~~~~~~~~~~~~~~~~~~~~~~~~~~~~~~~~~~~~~~~~~~~~~~~~
SYSTEM
15/08/2018 03:37:35
New user registering...
~~~~~~~~~~~~~~~~~~~~~~~~~~~~~~~~~~~~~~~~~~~~~~~~~
:::::::::::::::::::::::::::::::::::::::::::::::::
USER MODE
15/08/2018 03:37:35
Chat ID - 24027079
Bot User 24027079 - ericyjw (Eric, null)
Temasekian -  () from Blk 
User getting verified...
:::::::::::::::::::::::::::::::::::::::::::::::::
:::::::::::::::::::::::::::::::::::::::::::::::::
USER MODE
15/08/2018 03:37:41
Chat ID - 24027079
Bot User 24027079 - ericyjw (Eric, null)
Temasekian -  () from Blk 
Starts registration...
:::::::::::::::::::::::::::::::::::::::::::::::::
:::::::::::::::::::::::::::::::::::::::::::::::::
USER MODE
15/08/2018 03:37:52
Chat ID - 24027079
Bot User 24027079 - ericyjw (Eric, null)
Temasekian - Handsome Boii Boii () from Blk 
Temasekian name updated: Handsome Boii Boii
:::::::::::::::::::::::::::::::::::::::::::::::::
:::::::::::::::::::::::::::::::::::::::::::::::::
USER MODE
15/08/2018 03:37:59
Chat ID - 24027079
Bot User 24027079 - ericyjw (Eric, null)
Temasekian - Handsome Boii Boii (A0168055B) from Blk 
Temasekian matric updated: A0168055B
:::::::::::::::::::::::::::::::::::::::::::::::::
Eric got added to admin...
~~~~~~~~~~~~~~~~~~~~~~~~~~~~~~~~~~~~~~~~~~~~~~~~~
SYSTEM
15/08/2018 03:38:00
Writing to external txt file - ExternalDataBase.txt
~~~~~~~~~~~~~~~~~~~~~~~~~~~~~~~~~~~~~~~~~~~~~~~~~
~~~~~~~~~~~~~~~~~~~~~~~~~~~~~~~~~~~~~~~~~~~~~~~~~
SYSTEM
15/08/2018 03:38:00
Appending new Temasekian...
~~~~~~~~~~~~~~~~~~~~~~~~~~~~~~~~~~~~~~~~~~~~~~~~~
~~~~~~~~~~~~~~~~~~~~~~~~~~~~~~~~~~~~~~~~~~~~~~~~~
SYSTEM
15/08/2018 03:38:00
Appended new Temasekian!
24027079|ericyjw|Eric|null|Handsome Boii Boii|A0168055B|C|
~~~~~~~~~~~~~~~~~~~~~~~~~~~~~~~~~~~~~~~~~~~~~~~~~
~~~~~~~~~~~~~~~~~~~~~~~~~~~~~~~~~~~~~~~~~~~~~~~~~
SYSTEM
15/08/2018 03:38:00
Wrote to external txt file - ExternalDataBase.txt
~~~~~~~~~~~~~~~~~~~~~~~~~~~~~~~~~~~~~~~~~~~~~~~~~
:::::::::::::::::::::::::::::::::::::::::::::::::
USER MODE
15/08/2018 03:38:02
Chat ID - 24027079
Bot User 24027079 - ericyjw (Eric, null)
Temasekian - Handsome Boii Boii (A0168055B) from Blk C
Temasekian blk updated: C
Temasekian REGISTERED
:::::::::::::::::::::::::::::::::::::::::::::::::
:::::::::::::::::::::::::::::::::::::::::::::::::
USER MODE
15/08/2018 03:38:34
Chat ID - 24027079
Bot User 24027079 - ericyjw (Eric, null)
Temasekian - Handsome Boii Boii (A0168055B) from Blk C
User setting target userId
:::::::::::::::::::::::::::::::::::::::::::::::::
:::::::::::::::::::::::::::::::::::::::::::::::::
USER MODE
15/08/2018 03:38:49
Chat ID - 24027079
Bot User 24027079 - ericyjw (Eric, null)
Temasekian - Handsome Boii Boii (A0168055B) from Blk C
User entered an invalid user ID when changing target user ID...
:::::::::::::::::::::::::::::::::::::::::::::::::
~~~~~~~~~~~~~~~~~~~~~~~~~~~~~~~~~~~~~~~~~~~~~~~~~
SYSTEM
15/08/2018 10:05:16
New user registering...
~~~~~~~~~~~~~~~~~~~~~~~~~~~~~~~~~~~~~~~~~~~~~~~~~
:::::::::::::::::::::::::::::::::::::::::::::::::
USER MODE
15/08/2018 10:05:18
Chat ID - 166483090
Bot User 166483090 - jayrometan (Jerome, null)
Temasekian -  () from Blk 
User getting verified...
:::::::::::::::::::::::::::::::::::::::::::::::::
:::::::::::::::::::::::::::::::::::::::::::::::::
USER MODE
15/08/2018 10:05:22
Chat ID - 166483090
Bot User 166483090 - jayrometan (Jerome, null)
Temasekian -  () from Blk 
Starts registration...
:::::::::::::::::::::::::::::::::::::::::::::::::
:::::::::::::::::::::::::::::::::::::::::::::::::
USER MODE
15/08/2018 10:05:24
Chat ID - 166483090
Bot User 166483090 - jayrometan (Jerome, null)
Temasekian - Jerome () from Blk 
Temasekian name updated: Jerome
:::::::::::::::::::::::::::::::::::::::::::::::::
:::::::::::::::::::::::::::::::::::::::::::::::::
USER MODE
15/08/2018 10:05:28
Chat ID - 166483090
Bot User 166483090 - jayrometan (Jerome, null)
Temasekian - Jerome (A0168191Y) from Blk 
Temasekian matric updated: A0168191Y
:::::::::::::::::::::::::::::::::::::::::::::::::
:::::::::::::::::::::::::::::::::::::::::::::::::
USER MODE
15/08/2018 10:05:31
Chat ID - 166483090
Bot User 166483090 - jayrometan (Jerome, null)
Temasekian - Jerome (A0168191Y) from Blk 
Incorrect Block number: GA
:::::::::::::::::::::::::::::::::::::::::::::::::
~~~~~~~~~~~~~~~~~~~~~~~~~~~~~~~~~~~~~~~~~~~~~~~~~
SYSTEM
15/08/2018 10:05:36
Writing to external txt file - ExternalDataBase.txt
~~~~~~~~~~~~~~~~~~~~~~~~~~~~~~~~~~~~~~~~~~~~~~~~~
~~~~~~~~~~~~~~~~~~~~~~~~~~~~~~~~~~~~~~~~~~~~~~~~~
SYSTEM
15/08/2018 10:05:36
Appending new Temasekian...
~~~~~~~~~~~~~~~~~~~~~~~~~~~~~~~~~~~~~~~~~~~~~~~~~
~~~~~~~~~~~~~~~~~~~~~~~~~~~~~~~~~~~~~~~~~~~~~~~~~
SYSTEM
15/08/2018 10:05:36
Appended new Temasekian!
166483090|jayrometan|Jerome|null|Jerome|A0168191Y|C|
~~~~~~~~~~~~~~~~~~~~~~~~~~~~~~~~~~~~~~~~~~~~~~~~~
~~~~~~~~~~~~~~~~~~~~~~~~~~~~~~~~~~~~~~~~~~~~~~~~~
SYSTEM
15/08/2018 10:05:36
Wrote to external txt file - ExternalDataBase.txt
~~~~~~~~~~~~~~~~~~~~~~~~~~~~~~~~~~~~~~~~~~~~~~~~~
:::::::::::::::::::::::::::::::::::::::::::::::::
USER MODE
15/08/2018 10:05:38
Chat ID - 166483090
Bot User 166483090 - jayrometan (Jerome, null)
Temasekian - Jerome (A0168191Y) from Blk C
Temasekian blk updated: C
Temasekian REGISTERED
:::::::::::::::::::::::::::::::::::::::::::::::::
:::::::::::::::::::::::::::::::::::::::::::::::::
USER MODE
15/08/2018 10:05:41
Chat ID - 166483090
Bot User 166483090 - jayrometan (Jerome, null)
Temasekian - Jerome (A0168191Y) from Blk C
User requesting for help...
:::::::::::::::::::::::::::::::::::::::::::::::::
:::::::::::::::::::::::::::::::::::::::::::::::::
USER MODE
15/08/2018 10:13:28
Chat ID - 166483090
Bot User 166483090 - jayrometan (Jerome, null)
Temasekian - Jerome (A0168191Y) from Blk C
Not Eating - Matric Number Donated: A0168191Y
Number of Matric in system: 1
:::::::::::::::::::::::::::::::::::::::::::::::::
:::::::::::::::::::::::::::::::::::::::::::::::::
USER MODE
15/08/2018 10:13:33
Chat ID - 166483090
Bot User 166483090 - jayrometan (Jerome, null)
Temasekian - Jerome (A0168191Y) from Blk C
User has donated his/her number earlier on and thus prompted to use /numberpls to get his/her dinner...
:::::::::::::::::::::::::::::::::::::::::::::::::
:::::::::::::::::::::::::::::::::::::::::::::::::
USER MODE
15/08/2018 10:13:46
Chat ID - 166483090
Bot User 166483090 - jayrometan (Jerome, null)
Temasekian - Jerome (A0168191Y) from Blk C
Number Pls - Extra Matric Number: A0168191Y
Donor - Jerome (A0168191Y) from Blk C
Number of Matric in system: 0
Number of Matric he still can take: 2
:::::::::::::::::::::::::::::::::::::::::::::::::
:::::::::::::::::::::::::::::::::::::::::::::::::
USER MODE
15/08/2018 10:14:33
Chat ID - 166483090
Bot User 166483090 - jayrometan (Jerome, null)
Temasekian - Jerome (A0168191Y) from Blk C
User has returned a matric number!
Donor: Jerome (A0168191Y) from Blk C
Donor set to null, Donor Id set to null, Donor Name set to null...
A0168191Y has been returned!
User's meal counter increased by 1...
:::::::::::::::::::::::::::::::::::::::::::::::::
:::::::::::::::::::::::::::::::::::::::::::::::::
USER MODE
15/08/2018 10:14:45
Chat ID - 166483090
Bot User 166483090 - jayrometan (Jerome, null)
Temasekian - Jerome (A0168191Y) from Blk C
Number Pls - Extra Matric Number: A0168191Y
Donor - Jerome (A0168191Y) from Blk C
Number of Matric in system: 0
Number of Matric he still can take: 2
:::::::::::::::::::::::::::::::::::::::::::::::::
:::::::::::::::::::::::::::::::::::::::::::::::::
USER MODE
15/08/2018 10:19:08
Chat ID - 166483090
Bot User 166483090 - jayrometan (Jerome, null)
Temasekian - Jerome (A0168191Y) from Blk C
User thanks donor for extra matric!
Donor received a thank you note!
:::::::::::::::::::::::::::::::::::::::::::::::::
:::::::::::::::::::::::::::::::::::::::::::::::::
USER MODE
15/08/2018 10:19:23
Chat ID - 166483090
Bot User 166483090 - jayrometan (Jerome, null)
Temasekian - Jerome (A0168191Y) from Blk C
User requesting for help...
:::::::::::::::::::::::::::::::::::::::::::::::::
:::::::::::::::::::::::::::::::::::::::::::::::::
USER MODE
15/08/2018 10:19:27
Chat ID - 166483090
Bot User 166483090 - jayrometan (Jerome, null)
Temasekian -  (A0168191Y) from Blk C
Changing Temasekian name
:::::::::::::::::::::::::::::::::::::::::::::::::
~~~~~~~~~~~~~~~~~~~~~~~~~~~~~~~~~~~~~~~~~~~~~~~~~
SYSTEM
15/08/2018 10:19:30
Updating records to external txt file...
~~~~~~~~~~~~~~~~~~~~~~~~~~~~~~~~~~~~~~~~~~~~~~~~~
:::::::::::::::::::::::::::::::::::::::::::::::::
USER MODE
15/08/2018 10:19:30
Chat ID - 166483090
Bot User 166483090 - jayrometan (Jerome, null)
Temasekian - jayrometan (A0168191Y) from Blk C
User has updated his particulars to the external txt file...
:::::::::::::::::::::::::::::::::::::::::::::::::
:::::::::::::::::::::::::::::::::::::::::::::::::
USER MODE
15/08/2018 10:19:30
Chat ID - 166483090
Bot User 166483090 - jayrometan (Jerome, null)
Temasekian - jayrometan (A0168191Y) from Blk C
Changed Temasekian Name to: jayrometan
:::::::::::::::::::::::::::::::::::::::::::::::::
:::::::::::::::::::::::::::::::::::::::::::::::::
USER MODE
15/08/2018 10:19:37
Chat ID - 166483090
Bot User 166483090 - jayrometan (Jerome, null)
Temasekian - jayrometan (A0168191Y) from Blk C
User checks for dinner menu...
No one has shared any dinner pictures yet...
:::::::::::::::::::::::::::::::::::::::::::::::::
=================================================
ADMIN MODE
15/08/2018 10:30:59
Chat ID - 166483090
Bot User 166483090 - jayrometan (Jerome, null)
Temasekian - jayrometan (A0168191Y) from Blk C
Attempting Admin Log In...
=================================================
=================================================
ADMIN MODE
15/08/2018 10:31:00
Chat ID - 166483090
Bot User 166483090 - jayrometan (Jerome, null)
Temasekian - jayrometan (A0168191Y) from Blk C
Admin has logged in!
=================================================
=================================================
ADMIN MODE
15/08/2018 10:36:06
Chat ID - 166483090
Bot User 166483090 - jayrometan (Jerome, null)
Temasekian - jayrometan (A0168191Y) from Blk C
Admin accessing help...
=================================================
=================================================
ADMIN MODE
15/08/2018 10:37:24
Chat ID - 166483090
Bot User 166483090 - jayrometan (Jerome, null)
Temasekian - jayrometan (A0168191Y) from Blk C
Admin viewing the list of admins...
=================================================
=================================================
ADMIN MODE
15/08/2018 10:37:28
Chat ID - 166483090
Bot User 166483090 - jayrometan (Jerome, null)
Temasekian - jayrometan (A0168191Y) from Blk C
Admin adding more admins...
=================================================
=================================================
ADMIN MODE
15/08/2018 10:37:35
Chat ID - 166483090
Bot User 166483090 - jayrometan (Jerome, null)
Temasekian - jayrometan (A0168191Y) from Blk C
Admin returned to Admin Home...
=================================================
=================================================
ADMIN MODE
15/08/2018 10:38:15
Chat ID - 166483090
Bot User 166483090 - jayrometan (Jerome, null)
Temasekian - jayrometan (A0168191Y) from Blk C
Admin is doing a quality check on the dinner pictures uploaded...
=================================================
=================================================
ADMIN MODE
15/08/2018 10:41:28
Chat ID - 166483090
Bot User 166483090 - jayrometan (Jerome, null)
Temasekian - jayrometan (A0168191Y) from Blk C
Admin returned to Admin Home...
=================================================
=================================================
ADMIN MODE
15/08/2018 10:41:35
Chat ID - 166483090
Bot User 166483090 - jayrometan (Jerome, null)
Temasekian - jayrometan (A0168191Y) from Blk C
Admin accessing help...
=================================================
=================================================
ADMIN MODE
15/08/2018 10:42:45
Chat ID - 166483090
Bot User 166483090 - jayrometan (Jerome, null)
Temasekian - jayrometan (A0168191Y) from Blk C
Admin has logged out!
=================================================
:::::::::::::::::::::::::::::::::::::::::::::::::
USER MODE
15/08/2018 10:43:12
Chat ID - 166483090
Bot User 166483090 - jayrometan (Jerome, null)
Temasekian - jayrometan (A0168191Y) from Blk C
User requesting for help...
:::::::::::::::::::::::::::::::::::::::::::::::::
:::::::::::::::::::::::::::::::::::::::::::::::::
USER MODE
15/08/2018 10:43:23
Chat ID - 166483090
Bot User 166483090 - jayrometan (Jerome, null)
Temasekian - jayrometan (A0168191Y) from Blk 
Changing Temasekian block
:::::::::::::::::::::::::::::::::::::::::::::::::
~~~~~~~~~~~~~~~~~~~~~~~~~~~~~~~~~~~~~~~~~~~~~~~~~
SYSTEM
15/08/2018 10:43:30
Updating records to external txt file...
~~~~~~~~~~~~~~~~~~~~~~~~~~~~~~~~~~~~~~~~~~~~~~~~~
:::::::::::::::::::::::::::::::::::::::::::::::::
USER MODE
15/08/2018 10:43:30
Chat ID - 166483090
Bot User 166483090 - jayrometan (Jerome, null)
Temasekian - jayrometan (A0168191Y) from Blk C
User has updated his particulars to the external txt file...
:::::::::::::::::::::::::::::::::::::::::::::::::
:::::::::::::::::::::::::::::::::::::::::::::::::
USER MODE
15/08/2018 10:43:30
Chat ID - 166483090
Bot User 166483090 - jayrometan (Jerome, null)
Temasekian - jayrometan (A0168191Y) from Blk C
Changed Temasekian Block to: C
:::::::::::::::::::::::::::::::::::::::::::::::::
:::::::::::::::::::::::::::::::::::::::::::::::::
USER MODE
15/08/2018 10:43:38
Chat ID - 166483090
Bot User 166483090 - jayrometan (Jerome, null)
Temasekian - jayrometan () from Blk C
Changing Temasekian matric
:::::::::::::::::::::::::::::::::::::::::::::::::
~~~~~~~~~~~~~~~~~~~~~~~~~~~~~~~~~~~~~~~~~~~~~~~~~
SYSTEM
15/08/2018 10:43:42
Updating records to external txt file...
~~~~~~~~~~~~~~~~~~~~~~~~~~~~~~~~~~~~~~~~~~~~~~~~~
:::::::::::::::::::::::::::::::::::::::::::::::::
USER MODE
15/08/2018 10:43:42
Chat ID - 166483090
Bot User 166483090 - jayrometan (Jerome, null)
Temasekian - jayrometan (A0155373A) from Blk C
User has updated his particulars to the external txt file...
:::::::::::::::::::::::::::::::::::::::::::::::::
:::::::::::::::::::::::::::::::::::::::::::::::::
USER MODE
15/08/2018 10:43:42
Chat ID - 166483090
Bot User 166483090 - jayrometan (Jerome, null)
Temasekian - jayrometan (A0155373A) from Blk C
User changing current matric number - A0168191Y
Changed Temasekian Matric to: A0155373A
:::::::::::::::::::::::::::::::::::::::::::::::::
:::::::::::::::::::::::::::::::::::::::::::::::::
USER MODE
15/08/2018 10:43:55
Chat ID - 166483090
Bot User 166483090 - jayrometan (Jerome, null)
Temasekian - jayrometan (A0155373A) from Blk C
User is contacting the admin...
:::::::::::::::::::::::::::::::::::::::::::::::::
:::::::::::::::::::::::::::::::::::::::::::::::::
USER MODE
15/08/2018 10:44:02
Chat ID - 166483090
Bot User 166483090 - jayrometan (Jerome, null)
Temasekian - jayrometan (A0155373A) from Blk C
User contacted the admins...
Message - I have a big penis
:::::::::::::::::::::::::::::::::::::::::::::::::
:::::::::::::::::::::::::::::::::::::::::::::::::
USER MODE
15/08/2018 10:44:19
Chat ID - 166483090
Bot User 166483090 - jayrometan (Jerome, null)
Temasekian - jayrometan (A0155373A) from Blk C
User attempt to give a feedback!
:::::::::::::::::::::::::::::::::::::::::::::::::
:::::::::::::::::::::::::::::::::::::::::::::::::
USER MODE
15/08/2018 10:44:25
Chat ID - 166483090
Bot User 166483090 - jayrometan (Jerome, null)
Temasekian - jayrometan (A0155373A) from Blk C
User gave a feedback - "PeniisIsBig"
There are 1 feedback...
:::::::::::::::::::::::::::::::::::::::::::::::::
:::::::::::::::::::::::::::::::::::::::::::::::::
USER MODE
15/08/2018 10:47:32
Chat ID - 166483090
Bot User 166483090 - jayrometan (Jerome, null)
Temasekian - jayrometan (A0155373A) from Blk C
User requesting for help...
:::::::::::::::::::::::::::::::::::::::::::::::::
:::::::::::::::::::::::::::::::::::::::::::::::::
USER MODE
15/08/2018 10:47:36
Chat ID - 166483090
Bot User 166483090 - jayrometan (Jerome, null)
Temasekian - jayrometan (A0155373A) from Blk C
User attempt to report another user!
:::::::::::::::::::::::::::::::::::::::::::::::::
:::::::::::::::::::::::::::::::::::::::::::::::::
USER MODE
15/08/2018 10:47:42
Chat ID - 166483090
Bot User 166483090 - jayrometan (Jerome, null)
Temasekian - jayrometan (A0155373A) from Blk C
User is banning A0168191Y
:::::::::::::::::::::::::::::::::::::::::::::::::
:::::::::::::::::::::::::::::::::::::::::::::::::
USER MODE
15/08/2018 10:47:47
Chat ID - 166483090
Bot User 166483090 - jayrometan (Jerome, null)
Temasekian - jayrometan (A0155373A) from Blk C
Reported A0168191Y for "penis"
There are 1 reported case(s)
:::::::::::::::::::::::::::::::::::::::::::::::::
=================================================
ADMIN MODE
15/08/2018 10:48:28
Chat ID - 166483090
Bot User 166483090 - jayrometan (Jerome, null)
Temasekian - jayrometan (A0155373A) from Blk C
Attempting Admin Log In...
=================================================
=================================================
ADMIN MODE
15/08/2018 10:48:31
Chat ID - 166483090
Bot User 166483090 - jayrometan (Jerome, null)
Temasekian - jayrometan (A0155373A) from Blk C
Admin has logged in!
=================================================
=================================================
ADMIN MODE
15/08/2018 10:48:36
Chat ID - 166483090
Bot User 166483090 - jayrometan (Jerome, null)
Temasekian - jayrometan (A0155373A) from Blk C
Admin accessing help...
=================================================
=================================================
ADMIN MODE
15/08/2018 10:48:43
Chat ID - 166483090
Bot User 166483090 - jayrometan (Jerome, null)
Temasekian - jayrometan (A0155373A) from Blk C
Invalid command (.viewcontact)
=================================================
=================================================
ADMIN MODE
15/08/2018 10:48:44
Chat ID - 166483090
Bot User 166483090 - jayrometan (Jerome, null)
Temasekian - jayrometan (A0155373A) from Blk C
Admin is viewing contact list...
=================================================
=================================================
ADMIN MODE
15/08/2018 10:48:50
Chat ID - 166483090
Bot User 166483090 - jayrometan (Jerome, null)
Temasekian - jayrometan (A0155373A) from Blk C
Admin is viewing reported list...
=================================================
=================================================
ADMIN MODE
15/08/2018 10:49:05
Chat ID - 166483090
Bot User 166483090 - jayrometan (Jerome, null)
Temasekian - jayrometan (A0155373A) from Blk C
Admin cleared ALL reported users!
=================================================
=================================================
ADMIN MODE
15/08/2018 10:49:08
Chat ID - 166483090
Bot User 166483090 - jayrometan (Jerome, null)
Temasekian - jayrometan (A0155373A) from Blk C
Admin cleared ALL feedback from the list!
=================================================
=================================================
ADMIN MODE
15/08/2018 10:49:17
Chat ID - 166483090
Bot User 166483090 - jayrometan (Jerome, null)
Temasekian - jayrometan (A0155373A) from Blk C
Admin cleared ALL contact case(s) from the list!
=================================================
=================================================
ADMIN MODE
15/08/2018 10:49:29
Chat ID - 166483090
Bot User 166483090 - jayrometan (Jerome, null)
Temasekian - jayrometan (A0155373A) from Blk C
Admin returned to Admin Home...
=================================================
=================================================
ADMIN MODE
15/08/2018 10:50:22
Chat ID - 166483090
Bot User 166483090 - jayrometan (Jerome, null)
Temasekian - jayrometan (A0155373A) from Blk C
Admin accessing help...
=================================================
=================================================
ADMIN MODE
15/08/2018 10:51:33
Chat ID - 166483090
Bot User 166483090 - jayrometan (Jerome, null)
Temasekian - jayrometan (A0155373A) from Blk C
Admin is broadcasting a message...
=================================================
=================================================
ADMIN MODE
15/08/2018 10:51:38
Chat ID - 166483090
Bot User 166483090 - jayrometan (Jerome, null)
Temasekian - jayrometan (A0155373A) from Blk C
Admin returned to Admin Home...
=================================================
~~~~~~~~~~~~~~~~~~~~~~~~~~~~~~~~~~~~~~~~~~~~~~~~~
SYSTEM
15/08/2018 10:51:59
EXCEPTION: Invalid User Id - /dm
~~~~~~~~~~~~~~~~~~~~~~~~~~~~~~~~~~~~~~~~~~~~~~~~~
:::::::::::::::::::::::::::::::::::::::::::::::::
USER MODE
15/08/2018 10:52:00
Chat ID - 24027079
Bot User 24027079 - ericyjw (Eric, null)
Temasekian - Handsome Boii Boii (A0168055B) from Blk C
User entered an invalid user ID when changing target user ID...
:::::::::::::::::::::::::::::::::::::::::::::::::
:::::::::::::::::::::::::::::::::::::::::::::::::
USER MODE
15/08/2018 10:52:18
Chat ID - 24027079
Bot User 24027079 - ericyjw (Eric, null)
Temasekian - Handsome Boii Boii (A0168055B) from Blk C
User changed his target user!
:::::::::::::::::::::::::::::::::::::::::::::::::
=================================================
ADMIN MODE
15/08/2018 10:52:18
Chat ID - 166483090
Bot User 166483090 - jayrometan (Jerome, null)
Temasekian - jayrometan (A0155373A) from Blk C
Admin has logged out!
=================================================
:::::::::::::::::::::::::::::::::::::::::::::::::
USER MODE
15/08/2018 10:52:22
Chat ID - 24027079
Bot User 24027079 - ericyjw (Eric, null)
Temasekian - Handsome Boii Boii (A0168055B) from Blk C
User replying admin...
:::::::::::::::::::::::::::::::::::::::::::::::::
:::::::::::::::::::::::::::::::::::::::::::::::::
USER MODE
15/08/2018 10:52:34
Chat ID - 24027079
Bot User 24027079 - ericyjw (Eric, null)
Temasekian - Handsome Boii Boii (A0168055B) from Blk C
User replied to a pm from jayrometan (A0155373A) from Blk C
Reply - Hi jerome ?
:::::::::::::::::::::::::::::::::::::::::::::::::
:::::::::::::::::::::::::::::::::::::::::::::::::
USER MODE
15/08/2018 10:52:58
Chat ID - 166483090
Bot User 166483090 - jayrometan (Jerome, null)
Temasekian - jayrometan (A0155373A) from Blk C
User replying admin...
:::::::::::::::::::::::::::::::::::::::::::::::::
:::::::::::::::::::::::::::::::::::::::::::::::::
USER MODE
15/08/2018 10:53:04
Chat ID - 166483090
Bot User 166483090 - jayrometan (Jerome, null)
Temasekian - jayrometan (A0155373A) from Blk C
User replied to a pm from Handsome Boii Boii (A0168055B) from Blk C
Reply - penis face
:::::::::::::::::::::::::::::::::::::::::::::::::
:::::::::::::::::::::::::::::::::::::::::::::::::
USER MODE
15/08/2018 10:53:15
Chat ID - 24027079
Bot User 24027079 - ericyjw (Eric, null)
Temasekian - Handsome Boii Boii (A0168055B) from Blk C
User replying admin...
:::::::::::::::::::::::::::::::::::::::::::::::::
:::::::::::::::::::::::::::::::::::::::::::::::::
USER MODE
15/08/2018 10:53:26
Chat ID - 24027079
Bot User 24027079 - ericyjw (Eric, null)
Temasekian - Handsome Boii Boii (A0168055B) from Blk C
User replied to a pm from jayrometan (A0155373A) from Blk C
Reply - Micro penis
:::::::::::::::::::::::::::::::::::::::::::::::::
:::::::::::::::::::::::::::::::::::::::::::::::::
USER MODE
15/08/2018 10:54:20
Chat ID - 166483090
Bot User 166483090 - jayrometan (Jerome, null)
Temasekian - jayrometan (A0155373A) from Blk C
User replying admin...
:::::::::::::::::::::::::::::::::::::::::::::::::
:::::::::::::::::::::::::::::::::::::::::::::::::
USER MODE
15/08/2018 10:54:23
Chat ID - 166483090
Bot User 166483090 - jayrometan (Jerome, null)
Temasekian - jayrometan (A0155373A) from Blk C
User replied to a pm from Handsome Boii Boii (A0168055B) from Blk C
Reply - what movie you watching
:::::::::::::::::::::::::::::::::::::::::::::::::
:::::::::::::::::::::::::::::::::::::::::::::::::
USER MODE
15/08/2018 10:55:51
Chat ID - 24027079
Bot User 24027079 - ericyjw (Eric, null)
Temasekian - Handsome Boii Boii (A0168055B) from Blk C
User replying admin...
:::::::::::::::::::::::::::::::::::::::::::::::::
:::::::::::::::::::::::::::::::::::::::::::::::::
USER MODE
15/08/2018 10:56:12
Chat ID - 24027079
Bot User 24027079 - ericyjw (Eric, null)
Temasekian - Handsome Boii Boii (A0168055B) from Blk C
User replied to a pm from jayrometan (A0155373A) from Blk C
Reply - Mission impossible
:::::::::::::::::::::::::::::::::::::::::::::::::
:::::::::::::::::::::::::::::::::::::::::::::::::
USER MODE
15/08/2018 17:00:35
Chat ID - 247454090
Bot User 247454090 - null (Joshua, null)
Temasekian - Joshua (A0155163J) from Blk C
User checks for dinner menu...
No one has shared any dinner pictures yet...
:::::::::::::::::::::::::::::::::::::::::::::::::
:::::::::::::::::::::::::::::::::::::::::::::::::
USER MODE
15/08/2018 17:00:43
Chat ID - 39358104
Bot User 39358104 - sushihmin (Shih Min, null)
Temasekian - Shih Min (A0171012B) from Blk E
User checks for dinner menu...
No one has shared any dinner pictures yet...
:::::::::::::::::::::::::::::::::::::::::::::::::
:::::::::::::::::::::::::::::::::::::::::::::::::
USER MODE
15/08/2018 17:00:52
Chat ID - 161149013
Bot User 161149013 - treezapizza (treezapizza?, null)
Temasekian - supreme leader treezapizza ???? (A0158144E) from Blk C
Not Eating - Matric Number Donated: A0158144E
Number of Matric in system: 1
:::::::::::::::::::::::::::::::::::::::::::::::::
:::::::::::::::::::::::::::::::::::::::::::::::::
USER MODE
15/08/2018 17:00:57
Chat ID - 64341910
Bot User 64341910 - null (Xiang Rong, null)
Temasekian - XR (A0167337X) from Blk B
User indicated that he/she is eating today's dinner!
:::::::::::::::::::::::::::::::::::::::::::::::::
:::::::::::::::::::::::::::::::::::::::::::::::::
USER MODE
15/08/2018 17:01:02
Chat ID - 131119037
Bot User 131119037 - rracko (reiko, null)
Temasekian - reiko (A0171457B) from Blk C
User indicated that he/she is eating today's dinner!
:::::::::::::::::::::::::::::::::::::::::::::::::
~~~~~~~~~~~~~~~~~~~~~~~~~~~~~~~~~~~~~~~~~~~~~~~~~
SYSTEM
15/08/2018 17:01:04
Daily notification to all bot users...
~~~~~~~~~~~~~~~~~~~~~~~~~~~~~~~~~~~~~~~~~~~~~~~~~
:::::::::::::::::::::::::::::::::::::::::::::::::
USER MODE
15/08/2018 17:01:09
Chat ID - 224080398
Bot User 224080398 - yitingtay (Yi Ting, null)
Temasekian - Yi Ting (A0157802E) from Blk B
Not Eating - Matric Number Donated: A0157802E
Number of Matric in system: 2
:::::::::::::::::::::::::::::::::::::::::::::::::
:::::::::::::::::::::::::::::::::::::::::::::::::
USER MODE
15/08/2018 17:01:12
Chat ID - 158437268
Bot User 158437268 - cheryltai (Cheryl, Tai)
Temasekian - Cheryl (A0172375B) from Blk C
User checks for dinner menu...
No one has shared any dinner pictures yet...
:::::::::::::::::::::::::::::::::::::::::::::::::
:::::::::::::::::::::::::::::::::::::::::::::::::
USER MODE
15/08/2018 17:01:19
Chat ID - 166483090
Bot User 166483090 - jayrometan (Jerome, null)
Temasekian - jayrometan (A0155373A) from Blk C
User checks for dinner menu...
No one has shared any dinner pictures yet...
:::::::::::::::::::::::::::::::::::::::::::::::::
:::::::::::::::::::::::::::::::::::::::::::::::::
USER MODE
15/08/2018 17:01:21
Chat ID - 235770563
Bot User 235770563 - darreltoh (Darrel, null)
Temasekian - Darrel (A0139279N) from Blk C
User checks for dinner menu...
No one has shared any dinner pictures yet...
:::::::::::::::::::::::::::::::::::::::::::::::::
:::::::::::::::::::::::::::::::::::::::::::::::::
USER MODE
15/08/2018 17:01:24
Chat ID - 24027079
Bot User 24027079 - ericyjw (Eric, null)
Temasekian - Handsome Boii Boii (A0168055B) from Blk C
Not Eating - Matric Number Donated: A0168055B
Number of Matric in system: 3
:::::::::::::::::::::::::::::::::::::::::::::::::
:::::::::::::::::::::::::::::::::::::::::::::::::
USER MODE
15/08/2018 17:01:28
Chat ID - 224080398
Bot User 224080398 - yitingtay (Yi Ting, null)
Temasekian - Yi Ting (A0157802E) from Blk B
User checks for dinner menu...
No one has shared any dinner pictures yet...
:::::::::::::::::::::::::::::::::::::::::::::::::
:::::::::::::::::::::::::::::::::::::::::::::::::
USER MODE
15/08/2018 17:01:29
Chat ID - 85747212
Bot User 85747212 - silaschoe (silas, null)
Temasekian - Silas the Ostrich 98 (A0176993H) from Blk B
Not Eating - Matric Number Donated: A0176993H
Number of Matric in system: 4
:::::::::::::::::::::::::::::::::::::::::::::::::
:::::::::::::::::::::::::::::::::::::::::::::::::
USER MODE
15/08/2018 17:01:36
Chat ID - 166483090
Bot User 166483090 - jayrometan (Jerome, null)
Temasekian - jayrometan (A0155373A) from Blk C
Not Eating - Matric Number has been donated
Number of Matric in system: 4
:::::::::::::::::::::::::::::::::::::::::::::::::
:::::::::::::::::::::::::::::::::::::::::::::::::
USER MODE
15/08/2018 17:01:45
Chat ID - 266125970
Bot User 266125970 - THWQT (Timothy, Heng)
Temasekian - Timo (A0168002R) from Blk C
Not Eating - Matric Number Donated: A0168002R
Number of Matric in system: 5
:::::::::::::::::::::::::::::::::::::::::::::::::
:::::::::::::::::::::::::::::::::::::::::::::::::
USER MODE
15/08/2018 17:01:53
Chat ID - 49551696
Bot User 49551696 - harshvirr (Harshvir, Singh)
Temasekian - Harshvir (A0167833W) from Blk C
User checks for dinner menu...
No one has shared any dinner pictures yet...
:::::::::::::::::::::::::::::::::::::::::::::::::
:::::::::::::::::::::::::::::::::::::::::::::::::
USER MODE
15/08/2018 17:02:00
Chat ID - 266125970
Bot User 266125970 - THWQT (Timothy, Heng)
Temasekian - Timo (A0168002R) from Blk C
User has donated his/her number earlier on and thus prompted to use /numberpls to get his/her dinner...
:::::::::::::::::::::::::::::::::::::::::::::::::
:::::::::::::::::::::::::::::::::::::::::::::::::
USER MODE
15/08/2018 17:02:04
Chat ID - 33323948
Bot User 33323948 - itzfee (Felix, Tseng)
Temasekian - Felix (A0167828M) from Blk E
User indicated that he/she is eating today's dinner!
:::::::::::::::::::::::::::::::::::::::::::::::::
:::::::::::::::::::::::::::::::::::::::::::::::::
USER MODE
15/08/2018 17:02:07
Chat ID - 219019505
Bot User 219019505 - tkdwhitebelt (Benjamin Yeo, null)
Temasekian - Benjimaru (A0140666E) from Blk B
User checks for dinner menu...
No one has shared any dinner pictures yet...
:::::::::::::::::::::::::::::::::::::::::::::::::
:::::::::::::::::::::::::::::::::::::::::::::::::
USER MODE
15/08/2018 17:02:12
Chat ID - 266125970
Bot User 266125970 - THWQT (Timothy, Heng)
Temasekian - Timo (A0168002R) from Blk C
Number Pls - Extra Matric Number: A0158144E
Donor - supreme leader treezapizza ???? (A0158144E) from Blk C
Number of Matric in system: 4
Number of Matric he still can take: 2
:::::::::::::::::::::::::::::::::::::::::::::::::
:::::::::::::::::::::::::::::::::::::::::::::::::
USER MODE
15/08/2018 17:02:19
Chat ID - 266125970
Bot User 266125970 - THWQT (Timothy, Heng)
Temasekian - Timo (A0168002R) from Blk C
User has returned a matric number!
Donor: supreme leader treezapizza ???? (A0158144E) from Blk C
Donor set to null, Donor Id set to null, Donor Name set to null...
A0158144E has been returned!
User's meal counter increased by 1...
:::::::::::::::::::::::::::::::::::::::::::::::::
:::::::::::::::::::::::::::::::::::::::::::::::::
USER MODE
15/08/2018 17:03:07
Chat ID - 24027079
Bot User 24027079 - ericyjw (Eric, null)
Temasekian - Handsome Boii Boii (A0168055B) from Blk C
User is viewing the number of matric number in the system!
Number of matric in the system: 5
:::::::::::::::::::::::::::::::::::::::::::::::::
:::::::::::::::::::::::::::::::::::::::::::::::::
USER MODE
15/08/2018 17:03:13
Chat ID - 24214342
Bot User 24214342 - trevogue (Trevor, He)
Temasekian - Trevogue (A0110888Y) from Blk B
User checks for dinner menu...
No one has shared any dinner pictures yet...
:::::::::::::::::::::::::::::::::::::::::::::::::
=================================================
ADMIN MODE
15/08/2018 17:03:31
Chat ID - 166483090
Bot User 166483090 - jayrometan (Jerome, null)
Temasekian - jayrometan (A0155373A) from Blk C
Attempting Admin Log In...
=================================================
=================================================
ADMIN MODE
15/08/2018 17:03:33
Chat ID - 166483090
Bot User 166483090 - jayrometan (Jerome, null)
Temasekian - jayrometan (A0155373A) from Blk C
Admin has logged in!
=================================================
=================================================
ADMIN MODE
15/08/2018 17:03:35
Chat ID - 166483090
Bot User 166483090 - jayrometan (Jerome, null)
Temasekian - jayrometan (A0155373A) from Blk C
Invalid command (.)
=================================================
=================================================
ADMIN MODE
15/08/2018 17:03:37
Chat ID - 166483090
Bot User 166483090 - jayrometan (Jerome, null)
Temasekian - jayrometan (A0155373A) from Blk C
Invalid command (.)
=================================================
=================================================
ADMIN MODE
15/08/2018 17:03:38
Chat ID - 166483090
Bot User 166483090 - jayrometan (Jerome, null)
Temasekian - jayrometan (A0155373A) from Blk C
Invalid command (.)
=================================================
=================================================
ADMIN MODE
15/08/2018 17:03:39
Chat ID - 166483090
Bot User 166483090 - jayrometan (Jerome, null)
Temasekian - jayrometan (A0155373A) from Blk C
Invalid command (.)
=================================================
=================================================
ADMIN MODE
15/08/2018 17:03:45
Chat ID - 166483090
Bot User 166483090 - jayrometan (Jerome, null)
Temasekian - jayrometan (A0155373A) from Blk C
Admin viewing the list of users...
=================================================
:::::::::::::::::::::::::::::::::::::::::::::::::
USER MODE
15/08/2018 17:03:51
Chat ID - 177514238
Bot User 177514238 - Finianfoo (Finian, Foo)
Temasekian - Finian (A0177594L) from Blk C
User indicated that he/she is eating today's dinner!
:::::::::::::::::::::::::::::::::::::::::::::::::
:::::::::::::::::::::::::::::::::::::::::::::::::
USER MODE
15/08/2018 17:04:05
Chat ID - 212304211
Bot User 212304211 - null (Jing, Ying)
Temasekian - Jy (A0176770W) from Blk D
User requesting for help...
:::::::::::::::::::::::::::::::::::::::::::::::::
:::::::::::::::::::::::::::::::::::::::::::::::::
USER MODE
15/08/2018 17:04:08
Chat ID - 212304211
Bot User 212304211 - null (Jing, Ying)
Temasekian - Jy () from Blk D
Changing Temasekian matric
:::::::::::::::::::::::::::::::::::::::::::::::::
:::::::::::::::::::::::::::::::::::::::::::::::::
USER MODE
15/08/2018 17:05:15
Chat ID - 24027079
Bot User 24027079 - ericyjw (Eric, null)
Temasekian - Handsome Boii Boii (A0168055B) from Blk C
User is viewing the number of matric number in the system!
Number of matric in the system: 5
:::::::::::::::::::::::::::::::::::::::::::::::::
:::::::::::::::::::::::::::::::::::::::::::::::::
USER MODE
15/08/2018 17:05:21
Chat ID - 24027079
Bot User 24027079 - ericyjw (Eric, null)
Temasekian - Handsome Boii Boii (A0168055B) from Blk C
User checks for dinner menu...
No one has shared any dinner pictures yet...
:::::::::::::::::::::::::::::::::::::::::::::::::
:::::::::::::::::::::::::::::::::::::::::::::::::
USER MODE
15/08/2018 17:06:26
Chat ID - 81258501
Bot User 81258501 - lolololpr (Peng Ru, Soo)
Temasekian - Soozy (A0156298N) from Blk C
Not Eating - Matric Number Donated: A0156298N
Number of Matric in system: 6
:::::::::::::::::::::::::::::::::::::::::::::::::
:::::::::::::::::::::::::::::::::::::::::::::::::
USER MODE
15/08/2018 17:08:19
Chat ID - 281317014
Bot User 281317014 - null (Chun, Yang)
Temasekian - Chun (A0139592U) from Blk C
User checks for dinner menu...
No one has shared any dinner pictures yet...
:::::::::::::::::::::::::::::::::::::::::::::::::
:::::::::::::::::::::::::::::::::::::::::::::::::
USER MODE
15/08/2018 17:08:25
Chat ID - 281317014
Bot User 281317014 - null (Chun, Yang)
Temasekian - Chun (A0139592U) from Blk C
User indicated that he/she is eating today's dinner!
:::::::::::::::::::::::::::::::::::::::::::::::::
:::::::::::::::::::::::::::::::::::::::::::::::::
USER MODE
15/08/2018 17:08:42
Chat ID - 141346460
Bot User 141346460 - retardedy (Lee Jiang, null)
Temasekian - Lee Jiang (A0154091L) from Blk C
User checks for dinner menu...
No one has shared any dinner pictures yet...
:::::::::::::::::::::::::::::::::::::::::::::::::
:::::::::::::::::::::::::::::::::::::::::::::::::
USER MODE
15/08/2018 17:08:45
Chat ID - 141346460
Bot User 141346460 - retardedy (Lee Jiang, null)
Temasekian - Lee Jiang (A0154091L) from Blk C
User checks for dinner menu...
No one has shared any dinner pictures yet...
:::::::::::::::::::::::::::::::::::::::::::::::::
:::::::::::::::::::::::::::::::::::::::::::::::::
USER MODE
15/08/2018 17:09:00
Chat ID - 152347576
Bot User 152347576 - ahhhlok (Xin Ying, Lok)
Temasekian - lok (A0157942W) from Blk D
User checks for dinner menu...
No one has shared any dinner pictures yet...
:::::::::::::::::::::::::::::::::::::::::::::::::
:::::::::::::::::::::::::::::::::::::::::::::::::
USER MODE
15/08/2018 17:09:51
Chat ID - 24027079
Bot User 24027079 - ericyjw (Eric, null)
Temasekian - Handsome Boii Boii (A0168055B) from Blk C
Not Eating - Matric Number has been donated
Number of Matric in system: 6
:::::::::::::::::::::::::::::::::::::::::::::::::
:::::::::::::::::::::::::::::::::::::::::::::::::
USER MODE
15/08/2018 17:10:01
Chat ID - 24027079
Bot User 24027079 - ericyjw (Eric, null)
Temasekian - Handsome Boii Boii (A0168055B) from Blk C
User is viewing the number of matric number in the system!
Number of matric in the system: 6
:::::::::::::::::::::::::::::::::::::::::::::::::
:::::::::::::::::::::::::::::::::::::::::::::::::
USER MODE
15/08/2018 17:10:13
Chat ID - 133482030
Bot User 133482030 - KhapitStrawberry (Kheng Hian, Khapit Strawbery Ang)
Temasekian - Kheng Hian (A0168211M) from Blk D
User indicated that he/she is eating today's dinner!
:::::::::::::::::::::::::::::::::::::::::::::::::
:::::::::::::::::::::::::::::::::::::::::::::::::
USER MODE
15/08/2018 17:12:17
Chat ID - 154115826
Bot User 154115826 - delwyn96 (Delwyn, Goh)
Temasekian - De (A0171209L) from Blk D
User checks for dinner menu...
No one has shared any dinner pictures yet...
:::::::::::::::::::::::::::::::::::::::::::::::::
:::::::::::::::::::::::::::::::::::::::::::::::::
USER MODE
15/08/2018 17:13:52
Chat ID - 133482030
Bot User 133482030 - KhapitStrawberry (Kheng Hian, Khapit Strawbery Ang)
Temasekian - Kheng Hian (A0168211M) from Blk D
User checks for dinner menu...
No one has shared any dinner pictures yet...
:::::::::::::::::::::::::::::::::::::::::::::::::
:::::::::::::::::::::::::::::::::::::::::::::::::
USER MODE
15/08/2018 17:14:24
Chat ID - 66698362
Bot User 66698362 - ysyamin (Yamin, Soe)
Temasekian - Yamin (A0172883U) from Blk E
User indicated that he/she is eating today's dinner!
:::::::::::::::::::::::::::::::::::::::::::::::::
:::::::::::::::::::::::::::::::::::::::::::::::::
USER MODE
15/08/2018 17:14:37
Chat ID - 66698362
Bot User 66698362 - ysyamin (Yamin, Soe)
Temasekian - Yamin (A0172883U) from Blk E
Number Pls - Extra Matric Number: A0157802E
Donor - Yi Ting (A0157802E) from Blk B
Number of Matric in system: 5
Number of Matric he still can take: 2
:::::::::::::::::::::::::::::::::::::::::::::::::
:::::::::::::::::::::::::::::::::::::::::::::::::
USER MODE
15/08/2018 17:14:42
Chat ID - 66698362
Bot User 66698362 - ysyamin (Yamin, Soe)
Temasekian - Yamin (A0172883U) from Blk E
User thanks donor for extra matric!
Donor received a thank you note!
:::::::::::::::::::::::::::::::::::::::::::::::::
:::::::::::::::::::::::::::::::::::::::::::::::::
USER MODE
15/08/2018 17:17:39
Chat ID - 13203121
Bot User 13203121 - lblmu (Rachel, null)
Temasekian - Rachel (A0176763R) from Blk C
User checks for dinner menu...
No one has shared any dinner pictures yet...
:::::::::::::::::::::::::::::::::::::::::::::::::
:::::::::::::::::::::::::::::::::::::::::::::::::
USER MODE
15/08/2018 17:22:07
Chat ID - 212304211
Bot User 212304211 - null (Jing, Ying)
Temasekian - Jy () from Blk D
User keys in existing matric number...
Exisiting matric number: A0157942W
:::::::::::::::::::::::::::::::::::::::::::::::::
:::::::::::::::::::::::::::::::::::::::::::::::::
USER MODE
15/08/2018 17:22:14
Chat ID - 212304211
Bot User 212304211 - null (Jing, Ying)
Temasekian - Jy (A0176770W) from Blk D
User stopped updating particulars
:::::::::::::::::::::::::::::::::::::::::::::::::
:::::::::::::::::::::::::::::::::::::::::::::::::
USER MODE
15/08/2018 17:22:27
Chat ID - 212304211
Bot User 212304211 - null (Jing, Ying)
Temasekian - Jy (A0176770W) from Blk D
User checks for dinner menu...
No one has shared any dinner pictures yet...
:::::::::::::::::::::::::::::::::::::::::::::::::
:::::::::::::::::::::::::::::::::::::::::::::::::
USER MODE
15/08/2018 17:26:45
Chat ID - 24027079
Bot User 24027079 - ericyjw (Eric, null)
Temasekian - Handsome Boii Boii (A0168055B) from Blk C
User is viewing the number of matric number in the system!
Number of matric in the system: 5
:::::::::::::::::::::::::::::::::::::::::::::::::
=================================================
ADMIN MODE
15/08/2018 17:27:06
Chat ID - 166483090
Bot User 166483090 - jayrometan (Jerome, null)
Temasekian - jayrometan (A0155373A) from Blk C
Invalid command (/eating)
=================================================
=================================================
ADMIN MODE
15/08/2018 17:27:10
Chat ID - 166483090
Bot User 166483090 - jayrometan (Jerome, null)
Temasekian - jayrometan (A0155373A) from Blk C
Admin has logged out!
=================================================
:::::::::::::::::::::::::::::::::::::::::::::::::
USER MODE
15/08/2018 17:27:17
Chat ID - 166483090
Bot User 166483090 - jayrometan (Jerome, null)
Temasekian - jayrometan (A0155373A) from Blk C
Number Pls - Extra Matric Number: A0168055B
Donor - Handsome Boii Boii (A0168055B) from Blk C
Number of Matric in system: 4
Number of Matric he still can take: 1
:::::::::::::::::::::::::::::::::::::::::::::::::
:::::::::::::::::::::::::::::::::::::::::::::::::
USER MODE
15/08/2018 17:27:20
Chat ID - 166483090
Bot User 166483090 - jayrometan (Jerome, null)
Temasekian - jayrometan (A0155373A) from Blk C
User thanks donor for extra matric!
Donor received a thank you note!
:::::::::::::::::::::::::::::::::::::::::::::::::
:::::::::::::::::::::::::::::::::::::::::::::::::
USER MODE
15/08/2018 17:27:22
Chat ID - 166483090
Bot User 166483090 - jayrometan (Jerome, null)
Temasekian - jayrometan (A0155373A) from Blk C
Number Pls - Extra Matric Number: A0176993H
Donor - Silas the Ostrich 98 (A0176993H) from Blk B
Number of Matric in system: 3
Number of Matric he still can take: 0
:::::::::::::::::::::::::::::::::::::::::::::::::
:::::::::::::::::::::::::::::::::::::::::::::::::
USER MODE
15/08/2018 17:27:25
Chat ID - 166483090
Bot User 166483090 - jayrometan (Jerome, null)
Temasekian - jayrometan (A0155373A) from Blk C
User has returned a matric number!
Donor: Silas the Ostrich 98 (A0176993H) from Blk B
Donor set to null, Donor Id set to null, Donor Name set to null...
A0176993H has been returned!
User's meal counter increased by 1...
:::::::::::::::::::::::::::::::::::::::::::::::::
:::::::::::::::::::::::::::::::::::::::::::::::::
USER MODE
15/08/2018 17:30:34
Chat ID - 24027079
Bot User 24027079 - ericyjw (Eric, null)
Temasekian - Handsome Boii Boii (A0168055B) from Blk C
User is viewing the number of matric number in the system!
Number of matric in the system: 4
:::::::::::::::::::::::::::::::::::::::::::::::::
:::::::::::::::::::::::::::::::::::::::::::::::::
USER MODE
15/08/2018 17:30:49
Chat ID - 436421040
Bot User 436421040 - imajoke (Yuqian, null)
Temasekian - yuqian (A0172853Y) from Blk E
User indicated that he/she is eating today's dinner!
:::::::::::::::::::::::::::::::::::::::::::::::::
:::::::::::::::::::::::::::::::::::::::::::::::::
USER MODE
15/08/2018 17:38:55
Chat ID - 119064344
Bot User 119064344 - null (Sushi, null)
Temasekian - Sushi (A0168287M) from Blk C
User checks for dinner menu...
No one has shared any dinner pictures yet...
:::::::::::::::::::::::::::::::::::::::::::::::::
:::::::::::::::::::::::::::::::::::::::::::::::::
USER MODE
15/08/2018 17:38:59
Chat ID - 119064344
Bot User 119064344 - null (Sushi, null)
Temasekian - Sushi (A0168287M) from Blk C
User checks for dinner menu...
No one has shared any dinner pictures yet...
:::::::::::::::::::::::::::::::::::::::::::::::::
:::::::::::::::::::::::::::::::::::::::::::::::::
USER MODE
15/08/2018 17:41:36
Chat ID - 51236071
Bot User 51236071 - calvinscl (Cal, null)
Temasekian - Calvin (A0124229L) from Blk D
User checks for dinner menu...
No one has shared any dinner pictures yet...
:::::::::::::::::::::::::::::::::::::::::::::::::
:::::::::::::::::::::::::::::::::::::::::::::::::
USER MODE
15/08/2018 17:43:45
Chat ID - 224080398
Bot User 224080398 - yitingtay (Yi Ting, null)
Temasekian - Yi Ting (A0157802E) from Blk B
User has donated his/her number earlier on and thus prompted to use /numberpls to get his/her dinner...
:::::::::::::::::::::::::::::::::::::::::::::::::
:::::::::::::::::::::::::::::::::::::::::::::::::
USER MODE
15/08/2018 17:44:06
Chat ID - 224080398
Bot User 224080398 - yitingtay (Yi Ting, null)
Temasekian - Yi Ting (A0157802E) from Blk B
User checks for dinner menu...
No one has shared any dinner pictures yet...
:::::::::::::::::::::::::::::::::::::::::::::::::
:::::::::::::::::::::::::::::::::::::::::::::::::
USER MODE
15/08/2018 17:44:08
Chat ID - 224080398
Bot User 224080398 - yitingtay (Yi Ting, null)
Temasekian - Yi Ting (A0157802E) from Blk B
User has donated his/her number earlier on and thus prompted to use /numberpls to get his/her dinner...
:::::::::::::::::::::::::::::::::::::::::::::::::
:::::::::::::::::::::::::::::::::::::::::::::::::
USER MODE
15/08/2018 17:51:26
Chat ID - 89312793
Bot User 89312793 - yapzo (Charlene, null)
Temasekian - Charlene (A0156507A) from Blk C
User checks for dinner menu...
No one has shared any dinner pictures yet...
:::::::::::::::::::::::::::::::::::::::::::::::::
:::::::::::::::::::::::::::::::::::::::::::::::::
USER MODE
15/08/2018 17:52:42
Chat ID - 160906701
Bot User 160906701 - null (Aloysius, Chua)
Temasekian - Aloy (A0140525R) from Blk C
User indicated that he/she is eating today's dinner!
:::::::::::::::::::::::::::::::::::::::::::::::::
:::::::::::::::::::::::::::::::::::::::::::::::::
USER MODE
15/08/2018 17:52:58
Chat ID - 146279788
Bot User 146279788 - shaunyyyyyyy (Shaun, null)
Temasekian - Shaun (A0154259Y) from Blk E
Not Eating - Matric Number Donated: A0154259Y
Number of Matric in system: 5
:::::::::::::::::::::::::::::::::::::::::::::::::
:::::::::::::::::::::::::::::::::::::::::::::::::
USER MODE
15/08/2018 18:05:31
Chat ID - 68984530
Bot User 68984530 - gokes212 (Rajendran, Gokul?)
Temasekian - Mystery (A0167792M) from Blk C
Not Eating - Matric Number Donated: A0167792M
Number of Matric in system: 6
:::::::::::::::::::::::::::::::::::::::::::::::::
:::::::::::::::::::::::::::::::::::::::::::::::::
USER MODE
15/08/2018 18:11:34
Chat ID - 24027079
Bot User 24027079 - ericyjw (Eric, null)
Temasekian - Handsome Boii Boii (A0168055B) from Blk C
User is viewing the number of matric number in the system!
Number of matric in the system: 6
:::::::::::::::::::::::::::::::::::::::::::::::::
:::::::::::::::::::::::::::::::::::::::::::::::::
USER MODE
15/08/2018 18:13:18
Chat ID - 118169726
Bot User 118169726 - junetcj (June, null)
Temasekian - June (A0172780B) from Blk B
User indicated that he/she is eating today's dinner!
:::::::::::::::::::::::::::::::::::::::::::::::::
:::::::::::::::::::::::::::::::::::::::::::::::::
USER MODE
15/08/2018 18:17:13
Chat ID - 397309052
Bot User 397309052 - null (Rachel, Teo)
Temasekian - Rach (A0176818N) from Blk C
Not Eating - Matric Number Donated: A0176818N
Number of Matric in system: 7
:::::::::::::::::::::::::::::::::::::::::::::::::
:::::::::::::::::::::::::::::::::::::::::::::::::
USER MODE
15/08/2018 19:02:39
Chat ID - 28449122
Bot User 28449122 - biilllee (Bill ?, null)
Temasekian - Billy Baller (A0167396M) from Blk D
User checks for dinner menu...
No one has shared any dinner pictures yet...
:::::::::::::::::::::::::::::::::::::::::::::::::
:::::::::::::::::::::::::::::::::::::::::::::::::
USER MODE
15/08/2018 21:57:32
Chat ID - 18504360
Bot User 18504360 - Zer_Hien (Ng, Zer Hien)
Temasekian - Zer Hien (A0166663W) from Blk E
User indicated that he/she is eating today's dinner!
:::::::::::::::::::::::::::::::::::::::::::::::::
RESET!!!!!
~~~~~~~~~~~~~~~~~~~~~~~~~~~~~~~~~~~~~~~~~~~~~~~~~
SYSTEM
15/08/2018 22:00:02
There are 63 people in the database...
Reset 63 temasekian's matric donation boolean, meal counters and admin retry counters
~~~~~~~~~~~~~~~~~~~~~~~~~~~~~~~~~~~~~~~~~~~~~~~~~
~~~~~~~~~~~~~~~~~~~~~~~~~~~~~~~~~~~~~~~~~~~~~~~~~
SYSTEM
15/08/2018 22:00:02
Reset Matric Queue & Dinner Pic List...
~~~~~~~~~~~~~~~~~~~~~~~~~~~~~~~~~~~~~~~~~~~~~~~~~
~~~~~~~~~~~~~~~~~~~~~~~~~~~~~~~~~~~~~~~~~~~~~~~~~
SYSTEM
15/08/2018 22:43:59
New user registering...
~~~~~~~~~~~~~~~~~~~~~~~~~~~~~~~~~~~~~~~~~~~~~~~~~
:::::::::::::::::::::::::::::::::::::::::::::::::
USER MODE
15/08/2018 22:44:00
Chat ID - 412483746
Bot User 412483746 - null (Karyn, Lim)
Temasekian -  () from Blk 
User getting verified...
:::::::::::::::::::::::::::::::::::::::::::::::::
:::::::::::::::::::::::::::::::::::::::::::::::::
USER MODE
16/08/2018 01:18:50
Chat ID - 130981623
Bot User 130981623 - roundthebriars (Shorn, null)
Temasekian - Sean (A0167385R) from Blk B
User checks for dinner menu...
No one has shared any dinner pictures yet...
:::::::::::::::::::::::::::::::::::::::::::::::::
~~~~~~~~~~~~~~~~~~~~~~~~~~~~~~~~~~~~~~~~~~~~~~~~~
SYSTEM
16/08/2018 02:40:28
New user registering...
~~~~~~~~~~~~~~~~~~~~~~~~~~~~~~~~~~~~~~~~~~~~~~~~~
:::::::::::::::::::::::::::::::::::::::::::::::::
USER MODE
16/08/2018 02:58:35
Chat ID - 24027079
Bot User 24027079 - ericyjw (Eric, null)
Temasekian - Handsome Boii Boii (A0168055B) from Blk C
User is viewing the number of matric number in the system!
Number of matric in the system: 0
:::::::::::::::::::::::::::::::::::::::::::::::::
:::::::::::::::::::::::::::::::::::::::::::::::::
USER MODE
16/08/2018 14:10:03
Chat ID - 247454090
Bot User 247454090 - null (Joshua, null)
Temasekian - Joshua (A0155163J) from Blk C
User indicated that he/she is eating today's dinner!
:::::::::::::::::::::::::::::::::::::::::::::::::
:::::::::::::::::::::::::::::::::::::::::::::::::
USER MODE
16/08/2018 14:10:16
Chat ID - 247454090
Bot User 247454090 - null (Joshua, null)
Temasekian - Joshua (A0155163J) from Blk C
User requesting for help...
:::::::::::::::::::::::::::::::::::::::::::::::::
:::::::::::::::::::::::::::::::::::::::::::::::::
USER MODE
16/08/2018 14:10:21
Chat ID - 247454090
Bot User 247454090 - null (Joshua, null)
Temasekian - Joshua (A0155163J) from Blk C
Number Pls - NO MORE NUMBER IN THE SYSTEM
Number of Matric in system: 0
:::::::::::::::::::::::::::::::::::::::::::::::::
:::::::::::::::::::::::::::::::::::::::::::::::::
USER MODE
16/08/2018 14:10:24
Chat ID - 247454090
Bot User 247454090 - null (Joshua, null)
Temasekian - Joshua (A0155163J) from Blk C
User opt to receive notification when there are new matric in the system!
:::::::::::::::::::::::::::::::::::::::::::::::::
:::::::::::::::::::::::::::::::::::::::::::::::::
USER MODE
16/08/2018 16:43:43
Chat ID - 247454090
Bot User 247454090 - null (Joshua, null)
Temasekian - Joshua (A0155163J) from Blk C
Number Pls - NO MORE NUMBER IN THE SYSTEM
Number of Matric in system: 0
:::::::::::::::::::::::::::::::::::::::::::::::::
:::::::::::::::::::::::::::::::::::::::::::::::::
USER MODE
16/08/2018 17:00:18
Chat ID - 85747212
Bot User 85747212 - silaschoe (silas, null)
Temasekian - Silas the Ostrich 98 (A0176993H) from Blk B
User indicated that he/she is eating today's dinner!
:::::::::::::::::::::::::::::::::::::::::::::::::
:::::::::::::::::::::::::::::::::::::::::::::::::
USER MODE
16/08/2018 17:00:32
Chat ID - 246359060
Bot User 246359060 - null (Wei Xuan, null)
Temasekian - Weixuan (A0173125M) from Blk C
User indicated that he/she is eating today's dinner!
:::::::::::::::::::::::::::::::::::::::::::::::::
:::::::::::::::::::::::::::::::::::::::::::::::::
USER MODE
16/08/2018 17:00:45
Chat ID - 119064344
Bot User 119064344 - null (Sushi, null)
Temasekian - Sushi (A0168287M) from Blk C
User checks for dinner menu...
No one has shared any dinner pictures yet...
:::::::::::::::::::::::::::::::::::::::::::::::::
~~~~~~~~~~~~~~~~~~~~~~~~~~~~~~~~~~~~~~~~~~~~~~~~~
SYSTEM
16/08/2018 17:00:48
Daily notification to all bot users...
~~~~~~~~~~~~~~~~~~~~~~~~~~~~~~~~~~~~~~~~~~~~~~~~~
:::::::::::::::::::::::::::::::::::::::::::::::::
USER MODE
16/08/2018 17:00:54
Chat ID - 203597916
Bot User 203597916 - donamuimui (Donavan, Mui)
Temasekian - Don (A0168028B) from Blk C
User indicated that he/she is eating today's dinner!
:::::::::::::::::::::::::::::::::::::::::::::::::
:::::::::::::::::::::::::::::::::::::::::::::::::
USER MODE
16/08/2018 17:00:56
Chat ID - 148095583
Bot User 148095583 - albaobao (na ?(?_??)?, null)
Temasekian - Alvina (A0143433N) from Blk C
Not Eating - Matric Number Donated: A0143433N
Number of Matric in system: 1
:::::::::::::::::::::::::::::::::::::::::::::::::
~~~~~~~~~~~~~~~~~~~~~~~~~~~~~~~~~~~~~~~~~~~~~~~~~
SYSTEM
16/08/2018 17:01:00
Notified 1 people!
~~~~~~~~~~~~~~~~~~~~~~~~~~~~~~~~~~~~~~~~~~~~~~~~~
~~~~~~~~~~~~~~~~~~~~~~~~~~~~~~~~~~~~~~~~~~~~~~~~~
SYSTEM
16/08/2018 17:01:00
Notification List clear!  Notification List size - 0
~~~~~~~~~~~~~~~~~~~~~~~~~~~~~~~~~~~~~~~~~~~~~~~~~
:::::::::::::::::::::::::::::::::::::::::::::::::
USER MODE
16/08/2018 17:01:03
Chat ID - 24027079
Bot User 24027079 - ericyjw (Eric, null)
Temasekian - Handsome Boii Boii (A0168055B) from Blk C
User indicated that he/she is eating today's dinner!
:::::::::::::::::::::::::::::::::::::::::::::::::
:::::::::::::::::::::::::::::::::::::::::::::::::
USER MODE
16/08/2018 17:01:45
Chat ID - 177514238
Bot User 177514238 - Finianfoo (Finian, Foo)
Temasekian - Finian (A0177594L) from Blk C
User indicated that he/she is eating today's dinner!
:::::::::::::::::::::::::::::::::::::::::::::::::
:::::::::::::::::::::::::::::::::::::::::::::::::
USER MODE
16/08/2018 17:02:58
Chat ID - 297704317
Bot User 297704317 - KNIGHTNDAE (Jian Der, Quek)
Temasekian - Lord Vader (A0166981N) from Blk D
User checks for dinner menu...
No one has shared any dinner pictures yet...
:::::::::::::::::::::::::::::::::::::::::::::::::
:::::::::::::::::::::::::::::::::::::::::::::::::
USER MODE
16/08/2018 17:03:20
Chat ID - 158437268
Bot User 158437268 - cheryltai (Cheryl, Tai)
Temasekian - Cheryl (A0172375B) from Blk C
User checks for dinner menu...
No one has shared any dinner pictures yet...
:::::::::::::::::::::::::::::::::::::::::::::::::
:::::::::::::::::::::::::::::::::::::::::::::::::
USER MODE
16/08/2018 17:03:38
Chat ID - 266125970
Bot User 266125970 - THWQT (Timothy, Heng)
Temasekian - Timo (A0168002R) from Blk C
User indicated that he/she is eating today's dinner!
:::::::::::::::::::::::::::::::::::::::::::::::::
:::::::::::::::::::::::::::::::::::::::::::::::::
USER MODE
16/08/2018 17:03:45
Chat ID - 266125970
Bot User 266125970 - THWQT (Timothy, Heng)
Temasekian - Timo (A0168002R) from Blk C
Number Pls - Extra Matric Number: A0143433N
Donor - Alvina (A0143433N) from Blk C
Number of Matric in system: 0
Number of Matric he still can take: 2
:::::::::::::::::::::::::::::::::::::::::::::::::
:::::::::::::::::::::::::::::::::::::::::::::::::
USER MODE
16/08/2018 17:03:58
Chat ID - 18504360
Bot User 18504360 - Zer_Hien (Ng, Zer Hien)
Temasekian - Zer Hien (A0166663W) from Blk E
User indicated that he/she is eating today's dinner!
:::::::::::::::::::::::::::::::::::::::::::::::::
:::::::::::::::::::::::::::::::::::::::::::::::::
USER MODE
16/08/2018 17:04:16
Chat ID - 146279788
Bot User 146279788 - shaunyyyyyyy (Shaun, null)
Temasekian - Shaun (A0154259Y) from Blk E
Not Eating - Matric Number Donated: A0154259Y
Number of Matric in system: 1
:::::::::::::::::::::::::::::::::::::::::::::::::
:::::::::::::::::::::::::::::::::::::::::::::::::
USER MODE
16/08/2018 17:04:45
Chat ID - 107048622
Bot User 107048622 - swannnns (Yap, Wee Swan)
Temasekian - swan (A0171760H) from Blk C
User indicated that he/she is eating today's dinner!
:::::::::::::::::::::::::::::::::::::::::::::::::
:::::::::::::::::::::::::::::::::::::::::::::::::
USER MODE
16/08/2018 17:05:45
Chat ID - 18504360
Bot User 18504360 - Zer_Hien (Ng, Zer Hien)
Temasekian - Zer Hien (A0166663W) from Blk E
User checks for dinner menu...
No one has shared any dinner pictures yet...
:::::::::::::::::::::::::::::::::::::::::::::::::
:::::::::::::::::::::::::::::::::::::::::::::::::
USER MODE
16/08/2018 17:06:04
Chat ID - 212304211
Bot User 212304211 - null (Jing, Ying)
Temasekian - Jy (A0176770W) from Blk D
User checks for dinner menu...
No one has shared any dinner pictures yet...
:::::::::::::::::::::::::::::::::::::::::::::::::
:::::::::::::::::::::::::::::::::::::::::::::::::
USER MODE
16/08/2018 17:06:50
Chat ID - 81258501
Bot User 81258501 - lolololpr (Peng Ru, Soo)
Temasekian - Soozy (A0156298N) from Blk C
User checks for dinner menu...
No one has shared any dinner pictures yet...
:::::::::::::::::::::::::::::::::::::::::::::::::
:::::::::::::::::::::::::::::::::::::::::::::::::
USER MODE
16/08/2018 17:07:59
Chat ID - 32032992
Bot User 32032992 - chianggg (Chiang, null)
Temasekian - Wenhsin (A0171716E) from Blk C
User indicated that he/she is eating today's dinner!
:::::::::::::::::::::::::::::::::::::::::::::::::
:::::::::::::::::::::::::::::::::::::::::::::::::
USER MODE
16/08/2018 17:08:15
Chat ID - 246394167
Bot User 246394167 - EatOrBeEaten (Yuan, null)
Temasekian - Dduddudu (A0166977E) from Blk D
User indicated that he/she is eating today's dinner!
:::::::::::::::::::::::::::::::::::::::::::::::::
:::::::::::::::::::::::::::::::::::::::::::::::::
USER MODE
16/08/2018 17:08:21
Chat ID - 246394167
Bot User 246394167 - EatOrBeEaten (Yuan, null)
Temasekian - Dduddudu (A0166977E) from Blk D
User checks for dinner menu...
No one has shared any dinner pictures yet...
:::::::::::::::::::::::::::::::::::::::::::::::::
:::::::::::::::::::::::::::::::::::::::::::::::::
USER MODE
16/08/2018 17:10:05
Chat ID - 13203121
Bot User 13203121 - lblmu (Rachel, null)
Temasekian - Rachel (A0176763R) from Blk C
User indicated that he/she is eating today's dinner!
:::::::::::::::::::::::::::::::::::::::::::::::::
:::::::::::::::::::::::::::::::::::::::::::::::::
USER MODE
16/08/2018 17:10:06
Chat ID - 154115826
Bot User 154115826 - delwyn96 (Delwyn, Goh)
Temasekian - De (A0171209L) from Blk D
User checks for dinner menu...
No one has shared any dinner pictures yet...
:::::::::::::::::::::::::::::::::::::::::::::::::
:::::::::::::::::::::::::::::::::::::::::::::::::
USER MODE
16/08/2018 17:10:54
Chat ID - 397309052
Bot User 397309052 - null (Rachel, Teo)
Temasekian - Rach (A0176818N) from Blk C
User checks for dinner menu...
No one has shared any dinner pictures yet...
:::::::::::::::::::::::::::::::::::::::::::::::::
:::::::::::::::::::::::::::::::::::::::::::::::::
USER MODE
16/08/2018 17:11:00
Chat ID - 397309052
Bot User 397309052 - null (Rachel, Teo)
Temasekian - Rach (A0176818N) from Blk C
User indicated that he/she is eating today's dinner!
:::::::::::::::::::::::::::::::::::::::::::::::::
:::::::::::::::::::::::::::::::::::::::::::::::::
USER MODE
16/08/2018 17:11:03
Chat ID - 24027079
Bot User 24027079 - ericyjw (Eric, null)
Temasekian - Handsome Boii Boii (A0168055B) from Blk C
User is viewing the number of matric number in the system!
Number of matric in the system: 1
:::::::::::::::::::::::::::::::::::::::::::::::::
:::::::::::::::::::::::::::::::::::::::::::::::::
USER MODE
16/08/2018 17:15:55
Chat ID - 259046648
Bot User 259046648 - PhuahWD (Wei Deng, Phuah)
Temasekian - Wei Deng (A0171282J) from Blk E
User indicated that he/she is eating today's dinner!
:::::::::::::::::::::::::::::::::::::::::::::::::
:::::::::::::::::::::::::::::::::::::::::::::::::
USER MODE
16/08/2018 17:16:19
Chat ID - 148945533
Bot User 148945533 - null (cheery, chua)
Temasekian - Cheery (A0143348E) from Blk B
User indicated that he/she is eating today's dinner!
:::::::::::::::::::::::::::::::::::::::::::::::::
:::::::::::::::::::::::::::::::::::::::::::::::::
USER MODE
16/08/2018 17:17:27
Chat ID - 436421040
Bot User 436421040 - imajoke (Yuqian, null)
Temasekian - yuqian (A0172853Y) from Blk E
User indicated that he/she is eating today's dinner!
:::::::::::::::::::::::::::::::::::::::::::::::::
:::::::::::::::::::::::::::::::::::::::::::::::::
USER MODE
16/08/2018 17:17:41
Chat ID - 247454090
Bot User 247454090 - null (Joshua, null)
Temasekian - Joshua (A0155163J) from Blk C
User indicated that he/she is eating today's dinner!
:::::::::::::::::::::::::::::::::::::::::::::::::
:::::::::::::::::::::::::::::::::::::::::::::::::
USER MODE
16/08/2018 17:17:46
Chat ID - 247454090
Bot User 247454090 - null (Joshua, null)
Temasekian - Joshua (A0155163J) from Blk C
User checks for dinner menu...
No one has shared any dinner pictures yet...
:::::::::::::::::::::::::::::::::::::::::::::::::
:::::::::::::::::::::::::::::::::::::::::::::::::
USER MODE
16/08/2018 17:17:49
Chat ID - 247454090
Bot User 247454090 - null (Joshua, null)
Temasekian - Joshua (A0155163J) from Blk C
Number Pls - Extra Matric Number: A0154259Y
Donor - Shaun (A0154259Y) from Blk E
Number of Matric in system: 0
Number of Matric he still can take: 2
:::::::::::::::::::::::::::::::::::::::::::::::::
:::::::::::::::::::::::::::::::::::::::::::::::::
USER MODE
16/08/2018 17:29:43
Chat ID - 24027079
Bot User 24027079 - ericyjw (Eric, null)
Temasekian - Handsome Boii Boii (A0168055B) from Blk C
User is viewing the number of matric number in the system!
Number of matric in the system: 0
:::::::::::::::::::::::::::::::::::::::::::::::::
:::::::::::::::::::::::::::::::::::::::::::::::::
USER MODE
16/08/2018 17:40:05
Chat ID - 51236071
Bot User 51236071 - calvinscl (Cal, null)
Temasekian - Calvin (A0124229L) from Blk D
User indicated that he/she is eating today's dinner!
:::::::::::::::::::::::::::::::::::::::::::::::::
:::::::::::::::::::::::::::::::::::::::::::::::::
USER MODE
16/08/2018 17:47:22
Chat ID - 64341910
Bot User 64341910 - null (Xiang Rong, null)
Temasekian - XR (A0167337X) from Blk B
User indicated that he/she is eating today's dinner!
:::::::::::::::::::::::::::::::::::::::::::::::::
:::::::::::::::::::::::::::::::::::::::::::::::::
USER MODE
16/08/2018 17:47:28
Chat ID - 64341910
Bot User 64341910 - null (Xiang Rong, null)
Temasekian - XR (A0167337X) from Blk B
Number Pls - NO MORE NUMBER IN THE SYSTEM
Number of Matric in system: 0
:::::::::::::::::::::::::::::::::::::::::::::::::
:::::::::::::::::::::::::::::::::::::::::::::::::
USER MODE
16/08/2018 17:50:19
Chat ID - 297704317
Bot User 297704317 - KNIGHTNDAE (Jian Der, Quek)
Temasekian - Lord Vader (A0166981N) from Blk D
User checks for dinner menu...
No one has shared any dinner pictures yet...
:::::::::::::::::::::::::::::::::::::::::::::::::
:::::::::::::::::::::::::::::::::::::::::::::::::
USER MODE
16/08/2018 17:52:11
Chat ID - 21330992
Bot User 21330992 - null (vikram, null)
Temasekian - vikram (A0176973L) from Blk B
User indicated that he/she is eating today's dinner!
:::::::::::::::::::::::::::::::::::::::::::::::::
:::::::::::::::::::::::::::::::::::::::::::::::::
USER MODE
16/08/2018 17:58:09
Chat ID - 219019505
Bot User 219019505 - tkdwhitebelt (Benjamin Yeo, null)
Temasekian - Benjimaru (A0140666E) from Blk B
User checks for dinner menu...
No one has shared any dinner pictures yet...
:::::::::::::::::::::::::::::::::::::::::::::::::
:::::::::::::::::::::::::::::::::::::::::::::::::
USER MODE
16/08/2018 18:01:22
Chat ID - 161149013
Bot User 161149013 - treezapizza (treezapizza?, null)
Temasekian - supreme leader treezapizza ???? (A0158144E) from Blk C
Not Eating - Matric Number Donated: A0158144E
Number of Matric in system: 1
:::::::::::::::::::::::::::::::::::::::::::::::::
:::::::::::::::::::::::::::::::::::::::::::::::::
USER MODE
16/08/2018 18:05:46
Chat ID - 119064344
Bot User 119064344 - null (Sushi, null)
Temasekian - Sushi (A0168287M) from Blk C
User checks for dinner menu...
No one has shared any dinner pictures yet...
:::::::::::::::::::::::::::::::::::::::::::::::::
:::::::::::::::::::::::::::::::::::::::::::::::::
USER MODE
16/08/2018 18:07:37
Chat ID - 25263626
Bot User 25263626 - fongyihao (Yi Hao, null)
Temasekian - YH (A0155528Y) from Blk C
User indicated that he/she is eating today's dinner!
:::::::::::::::::::::::::::::::::::::::::::::::::
:::::::::::::::::::::::::::::::::::::::::::::::::
USER MODE
16/08/2018 18:07:48
Chat ID - 25263626
Bot User 25263626 - fongyihao (Yi Hao, null)
Temasekian - YH (A0155528Y) from Blk C
Number Pls - Extra Matric Number: A0158144E
Donor - supreme leader treezapizza ???? (A0158144E) from Blk C
Number of Matric in system: 0
Number of Matric he still can take: 2
:::::::::::::::::::::::::::::::::::::::::::::::::
:::::::::::::::::::::::::::::::::::::::::::::::::
USER MODE
16/08/2018 18:07:50
Chat ID - 25263626
Bot User 25263626 - fongyihao (Yi Hao, null)
Temasekian - YH (A0155528Y) from Blk C
User indicated that he/she is eating today's dinner!
:::::::::::::::::::::::::::::::::::::::::::::::::
:::::::::::::::::::::::::::::::::::::::::::::::::
USER MODE
16/08/2018 18:09:35
Chat ID - 119064344
Bot User 119064344 - null (Sushi, null)
Temasekian - Sushi (A0168287M) from Blk C
User indicated that he/she is eating today's dinner!
:::::::::::::::::::::::::::::::::::::::::::::::::
:::::::::::::::::::::::::::::::::::::::::::::::::
USER MODE
16/08/2018 18:09:51
Chat ID - 119064344
Bot User 119064344 - null (Sushi, null)
Temasekian - Sushi (A0168287M) from Blk C
Sushi has shared what is for dinner tonight!
Number of dinner pictures uploaded: 1
:::::::::::::::::::::::::::::::::::::::::::::::::
:::::::::::::::::::::::::::::::::::::::::::::::::
USER MODE
16/08/2018 18:11:05
Chat ID - 39522030
Bot User 39522030 - Alvin_r_h (Alvin, null)
Temasekian - Alvin (A0171773Y) from Blk C
User requested for dinner pictures...
Display 1 dinner picture(s)
:::::::::::::::::::::::::::::::::::::::::::::::::
~~~~~~~~~~~~~~~~~~~~~~~~~~~~~~~~~~~~~~~~~~~~~~~~~
SYSTEM
16/08/2018 18:11:09
New user registering...
~~~~~~~~~~~~~~~~~~~~~~~~~~~~~~~~~~~~~~~~~~~~~~~~~
:::::::::::::::::::::::::::::::::::::::::::::::::
USER MODE
16/08/2018 18:11:10
Chat ID - 115172315
Bot User 115172315 - null (Elizabeth, null)
Temasekian -  () from Blk 
ERROR: System has been updated... Database reset...
User needs to registered himself again...
:::::::::::::::::::::::::::::::::::::::::::::::::
~~~~~~~~~~~~~~~~~~~~~~~~~~~~~~~~~~~~~~~~~~~~~~~~~
SYSTEM
16/08/2018 18:11:12
New user registering...
~~~~~~~~~~~~~~~~~~~~~~~~~~~~~~~~~~~~~~~~~~~~~~~~~
:::::::::::::::::::::::::::::::::::::::::::::::::
USER MODE
16/08/2018 18:11:12
Chat ID - 115172315
Bot User 115172315 - null (Elizabeth, null)
Temasekian -  () from Blk 
User getting verified...
:::::::::::::::::::::::::::::::::::::::::::::::::
:::::::::::::::::::::::::::::::::::::::::::::::::
USER MODE
16/08/2018 18:11:15
Chat ID - 166483090
Bot User 166483090 - jayrometan (Jerome, null)
Temasekian - jayrometan (A0155373A) from Blk C
User indicated that he/she is eating today's dinner!
:::::::::::::::::::::::::::::::::::::::::::::::::
:::::::::::::::::::::::::::::::::::::::::::::::::
USER MODE
16/08/2018 18:11:16
Chat ID - 166483090
Bot User 166483090 - jayrometan (Jerome, null)
Temasekian - jayrometan (A0155373A) from Blk C
User requested for dinner pictures...
Display 1 dinner picture(s)
:::::::::::::::::::::::::::::::::::::::::::::::::
:::::::::::::::::::::::::::::::::::::::::::::::::
USER MODE
16/08/2018 18:11:19
Chat ID - 115172315
Bot User 115172315 - null (Elizabeth, null)
Temasekian -  () from Blk 
Starts registration...
:::::::::::::::::::::::::::::::::::::::::::::::::
:::::::::::::::::::::::::::::::::::::::::::::::::
USER MODE
16/08/2018 18:11:21
Chat ID - 24027079
Bot User 24027079 - ericyjw (Eric, null)
Temasekian - Handsome Boii Boii (A0168055B) from Blk C
User requested for dinner pictures...
Display 1 dinner picture(s)
:::::::::::::::::::::::::::::::::::::::::::::::::
:::::::::::::::::::::::::::::::::::::::::::::::::
USER MODE
16/08/2018 18:11:24
Chat ID - 115172315
Bot User 115172315 - null (Elizabeth, null)
Temasekian - Eli () from Blk 
Temasekian name updated: Eli
:::::::::::::::::::::::::::::::::::::::::::::::::
:::::::::::::::::::::::::::::::::::::::::::::::::
USER MODE
16/08/2018 18:11:28
Chat ID - 115172315
Bot User 115172315 - null (Elizabeth, null)
Temasekian - Eli () from Blk 
Incorrect matric number: /WHATSFORDINNER
:::::::::::::::::::::::::::::::::::::::::::::::::
=================================================
ADMIN MODE
16/08/2018 18:11:28
Chat ID - 24027079
Bot User 24027079 - ericyjw (Eric, null)
Temasekian - Handsome Boii Boii (A0168055B) from Blk C
Attempting Admin Log In...
=================================================
:::::::::::::::::::::::::::::::::::::::::::::::::
USER MODE
16/08/2018 18:11:32
Chat ID - 250919495
Bot User 250919495 - squarehippos (Sabrina, null)
Temasekian - sabrina (A0172322R) from Blk C
User indicated that he/she is eating today's dinner!
:::::::::::::::::::::::::::::::::::::::::::::::::
=================================================
ADMIN MODE
16/08/2018 18:11:32
Chat ID - 24027079
Bot User 24027079 - ericyjw (Eric, null)
Temasekian - Handsome Boii Boii (A0168055B) from Blk C
Admin has logged in!
=================================================
:::::::::::::::::::::::::::::::::::::::::::::::::
USER MODE
16/08/2018 18:11:34
Chat ID - 39522030
Bot User 39522030 - Alvin_r_h (Alvin, null)
Temasekian - Alvin (A0171773Y) from Blk C
User indicated that he/she is eating today's dinner!
:::::::::::::::::::::::::::::::::::::::::::::::::
=================================================
ADMIN MODE
16/08/2018 18:11:39
Chat ID - 24027079
Bot User 24027079 - ericyjw (Eric, null)
Temasekian - Handsome Boii Boii (A0168055B) from Blk C
Admin is doing a quality check on the dinner pictures uploaded...
=================================================
:::::::::::::::::::::::::::::::::::::::::::::::::
USER MODE
16/08/2018 18:11:42
Chat ID - 250919495
Bot User 250919495 - squarehippos (Sabrina, null)
Temasekian - sabrina (A0172322R) from Blk C
User requested for dinner pictures...
Display 1 dinner picture(s)
:::::::::::::::::::::::::::::::::::::::::::::::::
Remove photo index: 0
=================================================
ADMIN MODE
16/08/2018 18:11:43
Chat ID - 24027079
Bot User 24027079 - ericyjw (Eric, null)
Temasekian - Handsome Boii Boii (A0168055B) from Blk C
Admin has deleted 1 photos after doing quality control on the dinner photos uploaded...
=================================================
:::::::::::::::::::::::::::::::::::::::::::::::::
USER MODE
16/08/2018 18:11:45
Chat ID - 39522030
Bot User 39522030 - Alvin_r_h (Alvin, null)
Temasekian - Alvin (A0171773Y) from Blk C
Alvin has shared what is for dinner tonight!
Number of dinner pictures uploaded: 1
:::::::::::::::::::::::::::::::::::::::::::::::::
:::::::::::::::::::::::::::::::::::::::::::::::::
USER MODE
16/08/2018 18:11:46
Chat ID - 115172315
Bot User 115172315 - null (Elizabeth, null)
Temasekian - Eli (A0172482A) from Blk 
Temasekian matric updated: A0172482A
:::::::::::::::::::::::::::::::::::::::::::::::::
~~~~~~~~~~~~~~~~~~~~~~~~~~~~~~~~~~~~~~~~~~~~~~~~~
SYSTEM
16/08/2018 18:11:48
Writing to external txt file - ExternalDataBase.txt
~~~~~~~~~~~~~~~~~~~~~~~~~~~~~~~~~~~~~~~~~~~~~~~~~
~~~~~~~~~~~~~~~~~~~~~~~~~~~~~~~~~~~~~~~~~~~~~~~~~
SYSTEM
16/08/2018 18:11:48
Appending new Temasekian...
~~~~~~~~~~~~~~~~~~~~~~~~~~~~~~~~~~~~~~~~~~~~~~~~~
~~~~~~~~~~~~~~~~~~~~~~~~~~~~~~~~~~~~~~~~~~~~~~~~~
SYSTEM
16/08/2018 18:11:48
Appended new Temasekian!
115172315|null|Elizabeth|null|Eli|A0172482A|A|
~~~~~~~~~~~~~~~~~~~~~~~~~~~~~~~~~~~~~~~~~~~~~~~~~
~~~~~~~~~~~~~~~~~~~~~~~~~~~~~~~~~~~~~~~~~~~~~~~~~
SYSTEM
16/08/2018 18:11:48
Wrote to external txt file - ExternalDataBase.txt
~~~~~~~~~~~~~~~~~~~~~~~~~~~~~~~~~~~~~~~~~~~~~~~~~
:::::::::::::::::::::::::::::::::::::::::::::::::
USER MODE
16/08/2018 18:11:50
Chat ID - 115172315
Bot User 115172315 - null (Elizabeth, null)
Temasekian - Eli (A0172482A) from Blk A
Temasekian blk updated: A
Temasekian REGISTERED
:::::::::::::::::::::::::::::::::::::::::::::::::
=================================================
ADMIN MODE
16/08/2018 18:11:54
Chat ID - 24027079
Bot User 24027079 - ericyjw (Eric, null)
Temasekian - Handsome Boii Boii (A0168055B) from Blk C
Admin is doing a quality check on the dinner pictures uploaded...
=================================================
:::::::::::::::::::::::::::::::::::::::::::::::::
USER MODE
16/08/2018 18:11:56
Chat ID - 115172315
Bot User 115172315 - null (Elizabeth, null)
Temasekian - Eli (A0172482A) from Blk A
User requested for dinner pictures...
Display 1 dinner picture(s)
:::::::::::::::::::::::::::::::::::::::::::::::::
Remove photo index: 0
=================================================
ADMIN MODE
16/08/2018 18:12:05
Chat ID - 24027079
Bot User 24027079 - ericyjw (Eric, null)
Temasekian - Handsome Boii Boii (A0168055B) from Blk C
Admin has deleted 1 photos after doing quality control on the dinner photos uploaded...
=================================================
:::::::::::::::::::::::::::::::::::::::::::::::::
USER MODE
16/08/2018 18:12:39
Chat ID - 115172315
Bot User 115172315 - null (Elizabeth, null)
Temasekian - Eli (A0172482A) from Blk A
User indicated that he/she is eating today's dinner!
:::::::::::::::::::::::::::::::::::::::::::::::::
=================================================
ADMIN MODE
16/08/2018 18:13:14
Chat ID - 24027079
Bot User 24027079 - ericyjw (Eric, null)
Temasekian - Handsome Boii Boii (A0168055B) from Blk C
Admin has logged out!
=================================================
:::::::::::::::::::::::::::::::::::::::::::::::::
USER MODE
16/08/2018 18:13:24
Chat ID - 24027079
Bot User 24027079 - ericyjw (Eric, null)
Temasekian - Handsome Boii Boii (A0168055B) from Blk C
Handsome Boii Boii has shared what is for dinner tonight!
Number of dinner pictures uploaded: 1
:::::::::::::::::::::::::::::::::::::::::::::::::
:::::::::::::::::::::::::::::::::::::::::::::::::
USER MODE
16/08/2018 18:13:38
Chat ID - 75952896
Bot User 75952896 - Chimeee (Chime, null)
Temasekian - Some dude (A0166863R) from Blk C
User indicated that he/she is eating today's dinner!
:::::::::::::::::::::::::::::::::::::::::::::::::
:::::::::::::::::::::::::::::::::::::::::::::::::
USER MODE
16/08/2018 18:13:42
Chat ID - 75952896
Bot User 75952896 - Chimeee (Chime, null)
Temasekian - Some dude (A0166863R) from Blk C
User requested for dinner pictures...
Display 1 dinner picture(s)
:::::::::::::::::::::::::::::::::::::::::::::::::
:::::::::::::::::::::::::::::::::::::::::::::::::
USER MODE
16/08/2018 18:13:48
Chat ID - 166483090
Bot User 166483090 - jayrometan (Jerome, null)
Temasekian - jayrometan (A0155373A) from Blk C
User requested for dinner pictures...
Display 1 dinner picture(s)
:::::::::::::::::::::::::::::::::::::::::::::::::
:::::::::::::::::::::::::::::::::::::::::::::::::
USER MODE
16/08/2018 18:13:51
Chat ID - 24027079
Bot User 24027079 - ericyjw (Eric, null)
Temasekian - Handsome Boii Boii (A0168055B) from Blk C
User requested for dinner pictures...
Display 1 dinner picture(s)
:::::::::::::::::::::::::::::::::::::::::::::::::
:::::::::::::::::::::::::::::::::::::::::::::::::
USER MODE
16/08/2018 18:14:26
Chat ID - 39522030
Bot User 39522030 - Alvin_r_h (Alvin, null)
Temasekian - Alvin (A0171773Y) from Blk C
User indicated that he/she is eating today's dinner!
:::::::::::::::::::::::::::::::::::::::::::::::::
:::::::::::::::::::::::::::::::::::::::::::::::::
USER MODE
16/08/2018 18:14:47
Chat ID - 39522030
Bot User 39522030 - Alvin_r_h (Alvin, null)
Temasekian - Alvin (A0171773Y) from Blk C
Alvin has shared what is for dinner tonight!
Number of dinner pictures uploaded: 2
:::::::::::::::::::::::::::::::::::::::::::::::::
:::::::::::::::::::::::::::::::::::::::::::::::::
USER MODE
16/08/2018 18:15:10
Chat ID - 24027079
Bot User 24027079 - ericyjw (Eric, null)
Temasekian - Handsome Boii Boii (A0168055B) from Blk C
User requested for dinner pictures...
Display 2 dinner picture(s)
:::::::::::::::::::::::::::::::::::::::::::::::::
:::::::::::::::::::::::::::::::::::::::::::::::::
USER MODE
16/08/2018 18:19:22
Chat ID - 115172315
Bot User 115172315 - null (Elizabeth, null)
Temasekian - Eli (A0172482A) from Blk A
User requested for dinner pictures...
Display 2 dinner picture(s)
:::::::::::::::::::::::::::::::::::::::::::::::::
:::::::::::::::::::::::::::::::::::::::::::::::::
USER MODE
16/08/2018 18:20:02
Chat ID - 119064344
Bot User 119064344 - null (Sushi, null)
Temasekian - Sushi (A0168287M) from Blk C
User requested for dinner pictures...
Display 2 dinner picture(s)
:::::::::::::::::::::::::::::::::::::::::::::::::
:::::::::::::::::::::::::::::::::::::::::::::::::
USER MODE
16/08/2018 18:21:06
Chat ID - 81258501
Bot User 81258501 - lolololpr (Peng Ru, Soo)
Temasekian - Soozy (A0156298N) from Blk C
User requested for dinner pictures...
Display 2 dinner picture(s)
:::::::::::::::::::::::::::::::::::::::::::::::::
:::::::::::::::::::::::::::::::::::::::::::::::::
USER MODE
16/08/2018 18:22:21
Chat ID - 81258501
Bot User 81258501 - lolololpr (Peng Ru, Soo)
Temasekian - Soozy (A0156298N) from Blk C
User indicated that he/she is eating today's dinner!
:::::::::::::::::::::::::::::::::::::::::::::::::
:::::::::::::::::::::::::::::::::::::::::::::::::
USER MODE
16/08/2018 18:28:39
Chat ID - 219019505
Bot User 219019505 - tkdwhitebelt (Benjamin Yeo, null)
Temasekian - Benjimaru (A0140666E) from Blk B
Not Eating - Matric Number Donated: A0140666E
Number of Matric in system: 1
:::::::::::::::::::::::::::::::::::::::::::::::::
:::::::::::::::::::::::::::::::::::::::::::::::::
USER MODE
16/08/2018 18:32:43
Chat ID - 24027079
Bot User 24027079 - ericyjw (Eric, null)
Temasekian - Handsome Boii Boii (A0168055B) from Blk C
User is viewing the number of matric number in the system!
Number of matric in the system: 1
:::::::::::::::::::::::::::::::::::::::::::::::::
:::::::::::::::::::::::::::::::::::::::::::::::::
USER MODE
16/08/2018 18:38:03
Chat ID - 224080398
Bot User 224080398 - yitingtay (Yi Ting, null)
Temasekian - Yi Ting (A0157802E) from Blk B
User requested for dinner pictures...
Display 2 dinner picture(s)
:::::::::::::::::::::::::::::::::::::::::::::::::
:::::::::::::::::::::::::::::::::::::::::::::::::
USER MODE
16/08/2018 18:38:50
Chat ID - 224080398
Bot User 224080398 - yitingtay (Yi Ting, null)
Temasekian - Yi Ting (A0157802E) from Blk B
User indicated that he/she is eating today's dinner!
:::::::::::::::::::::::::::::::::::::::::::::::::
:::::::::::::::::::::::::::::::::::::::::::::::::
USER MODE
16/08/2018 18:42:46
Chat ID - 224080398
Bot User 224080398 - yitingtay (Yi Ting, null)
Temasekian - Yi Ting (A0157802E) from Blk B
Number Pls - Extra Matric Number: A0140666E
Donor - Benjimaru (A0140666E) from Blk B
Number of Matric in system: 0
Number of Matric he still can take: 2
:::::::::::::::::::::::::::::::::::::::::::::::::
:::::::::::::::::::::::::::::::::::::::::::::::::
USER MODE
16/08/2018 18:48:43
Chat ID - 166483090
Bot User 166483090 - jayrometan (Jerome, null)
Temasekian - jayrometan (A0155373A) from Blk C
User requested for dinner pictures...
Display 2 dinner picture(s)
:::::::::::::::::::::::::::::::::::::::::::::::::
:::::::::::::::::::::::::::::::::::::::::::::::::
USER MODE
16/08/2018 18:50:49
Chat ID - 107817669
Bot User 107817669 - null (Priscilla, Ann)
Temasekian - Pris (A0142835E) from Blk B
User requested for dinner pictures...
Display 2 dinner picture(s)
:::::::::::::::::::::::::::::::::::::::::::::::::
:::::::::::::::::::::::::::::::::::::::::::::::::
USER MODE
16/08/2018 18:50:53
Chat ID - 24027079
Bot User 24027079 - ericyjw (Eric, null)
Temasekian - Handsome Boii Boii (A0168055B) from Blk C
User is viewing the number of matric number in the system!
Number of matric in the system: 0
:::::::::::::::::::::::::::::::::::::::::::::::::
:::::::::::::::::::::::::::::::::::::::::::::::::
USER MODE
16/08/2018 18:55:17
Chat ID - 81258501
Bot User 81258501 - lolololpr (Peng Ru, Soo)
Temasekian - Soozy (A0156298N) from Blk C
User indicated that he/she is eating today's dinner!
:::::::::::::::::::::::::::::::::::::::::::::::::
:::::::::::::::::::::::::::::::::::::::::::::::::
USER MODE
16/08/2018 18:55:46
Chat ID - 81258501
Bot User 81258501 - lolololpr (Peng Ru, Soo)
Temasekian - Soozy (A0156298N) from Blk C
User indicated that he/she is eating today's dinner!
:::::::::::::::::::::::::::::::::::::::::::::::::
:::::::::::::::::::::::::::::::::::::::::::::::::
USER MODE
16/08/2018 18:55:48
Chat ID - 81258501
Bot User 81258501 - lolololpr (Peng Ru, Soo)
Temasekian - Soozy (A0156298N) from Blk C
Not Eating - Matric Number Donated: A0156298N
Number of Matric in system: 1
:::::::::::::::::::::::::::::::::::::::::::::::::
:::::::::::::::::::::::::::::::::::::::::::::::::
USER MODE
16/08/2018 18:56:51
Chat ID - 89312793
Bot User 89312793 - yapzo (Charlene, null)
Temasekian - Charlene (A0156507A) from Blk C
User requested for dinner pictures...
Display 2 dinner picture(s)
:::::::::::::::::::::::::::::::::::::::::::::::::
:::::::::::::::::::::::::::::::::::::::::::::::::
USER MODE
16/08/2018 18:57:05
Chat ID - 89312793
Bot User 89312793 - yapzo (Charlene, null)
Temasekian - Charlene (A0156507A) from Blk C
User indicated that he/she is eating today's dinner!
:::::::::::::::::::::::::::::::::::::::::::::::::
:::::::::::::::::::::::::::::::::::::::::::::::::
USER MODE
16/08/2018 18:57:14
Chat ID - 89312793
Bot User 89312793 - yapzo (Charlene, null)
Temasekian - Charlene (A0156507A) from Blk C
Number Pls - Extra Matric Number: A0156298N
Donor - Soozy (A0156298N) from Blk C
Number of Matric in system: 0
Number of Matric he still can take: 2
:::::::::::::::::::::::::::::::::::::::::::::::::
:::::::::::::::::::::::::::::::::::::::::::::::::
USER MODE
16/08/2018 18:58:01
Chat ID - 81258501
Bot User 81258501 - lolololpr (Peng Ru, Soo)
Temasekian - Soozy (A0156298N) from Blk C
User requesting for help...
:::::::::::::::::::::::::::::::::::::::::::::::::
:::::::::::::::::::::::::::::::::::::::::::::::::
USER MODE
16/08/2018 18:58:06
Chat ID - 81258501
Bot User 81258501 - lolololpr (Peng Ru, Soo)
Temasekian - Soozy (A0156298N) from Blk C
Number Pls - NO MORE NUMBER IN THE SYSTEM
Number of Matric in system: 0
:::::::::::::::::::::::::::::::::::::::::::::::::
:::::::::::::::::::::::::::::::::::::::::::::::::
USER MODE
16/08/2018 18:58:18
Chat ID - 81258501
Bot User 81258501 - lolololpr (Peng Ru, Soo)
Temasekian - Soozy (A0156298N) from Blk C
User opt to receive notification when there are new matric in the system!
:::::::::::::::::::::::::::::::::::::::::::::::::
:::::::::::::::::::::::::::::::::::::::::::::::::
USER MODE
16/08/2018 18:58:30
Chat ID - 89312793
Bot User 89312793 - yapzo (Charlene, null)
Temasekian - Charlene (A0156507A) from Blk C
Number Pls - NO MORE NUMBER IN THE SYSTEM
Number of Matric in system: 0
:::::::::::::::::::::::::::::::::::::::::::::::::
:::::::::::::::::::::::::::::::::::::::::::::::::
USER MODE
16/08/2018 19:08:49
Chat ID - 62781477
Bot User 62781477 - FeliciaNg (Felicia, Ng)
Temasekian - Fel (A0173505J) from Blk B
User requested for dinner pictures...
Display 2 dinner picture(s)
:::::::::::::::::::::::::::::::::::::::::::::::::
:::::::::::::::::::::::::::::::::::::::::::::::::
USER MODE
16/08/2018 19:20:55
Chat ID - 89312793
Bot User 89312793 - yapzo (Charlene, null)
Temasekian - Charlene (A0156507A) from Blk C
Number Pls - NO MORE NUMBER IN THE SYSTEM
Number of Matric in system: 0
:::::::::::::::::::::::::::::::::::::::::::::::::
:::::::::::::::::::::::::::::::::::::::::::::::::
USER MODE
16/08/2018 19:27:52
Chat ID - 166483090
Bot User 166483090 - jayrometan (Jerome, null)
Temasekian - jayrometan (A0155373A) from Blk C
Number Pls - NO MORE NUMBER IN THE SYSTEM
Number of Matric in system: 0
:::::::::::::::::::::::::::::::::::::::::::::::::
:::::::::::::::::::::::::::::::::::::::::::::::::
USER MODE
16/08/2018 19:28:06
Chat ID - 166483090
Bot User 166483090 - jayrometan (Jerome, null)
Temasekian - jayrometan (A0155373A) from Blk C
User requested for dinner pictures...
Display 2 dinner picture(s)
:::::::::::::::::::::::::::::::::::::::::::::::::
:::::::::::::::::::::::::::::::::::::::::::::::::
USER MODE
16/08/2018 19:32:13
Chat ID - 130981623
Bot User 130981623 - roundthebriars (Shorn, null)
Temasekian - Sean (A0167385R) from Blk B
User requested for dinner pictures...
Display 2 dinner picture(s)
:::::::::::::::::::::::::::::::::::::::::::::::::
:::::::::::::::::::::::::::::::::::::::::::::::::
USER MODE
16/08/2018 19:32:21
Chat ID - 130981623
Bot User 130981623 - roundthebriars (Shorn, null)
Temasekian - Sean (A0167385R) from Blk B
User indicated that he/she is eating today's dinner!
:::::::::::::::::::::::::::::::::::::::::::::::::
:::::::::::::::::::::::::::::::::::::::::::::::::
USER MODE
16/08/2018 19:32:29
Chat ID - 130981623
Bot User 130981623 - roundthebriars (Shorn, null)
Temasekian - Sean (A0167385R) from Blk B
Number Pls - NO MORE NUMBER IN THE SYSTEM
Number of Matric in system: 0
:::::::::::::::::::::::::::::::::::::::::::::::::
=================================================
ADMIN MODE
16/08/2018 20:01:19
Chat ID - 166483090
Bot User 166483090 - jayrometan (Jerome, null)
Temasekian - jayrometan (A0155373A) from Blk C
Attempting Admin Log In...
=================================================
=================================================
ADMIN MODE
16/08/2018 20:01:21
Chat ID - 166483090
Bot User 166483090 - jayrometan (Jerome, null)
Temasekian - jayrometan (A0155373A) from Blk C
Admin has logged in!
=================================================
=================================================
ADMIN MODE
16/08/2018 20:01:36
Chat ID - 166483090
Bot User 166483090 - jayrometan (Jerome, null)
Temasekian - jayrometan (A0155373A) from Blk C
Admin viewing the list of users...
=================================================
:::::::::::::::::::::::::::::::::::::::::::::::::
USER MODE
16/08/2018 20:20:46
Chat ID - 317506634
Bot User 317506634 - EmoBeany (Kha sim, null)
Temasekian - EmoBeany (A0167759H) from Blk C
User indicated that he/she is eating today's dinner!
:::::::::::::::::::::::::::::::::::::::::::::::::
=================================================
ADMIN MODE
16/08/2018 20:50:01
Chat ID - 24027079
Bot User 24027079 - ericyjw (Eric, null)
Temasekian - Handsome Boii Boii (A0168055B) from Blk C
Attempting Admin Log In...
=================================================
=================================================
ADMIN MODE
16/08/2018 20:50:06
Chat ID - 24027079
Bot User 24027079 - ericyjw (Eric, null)
Temasekian - Handsome Boii Boii (A0168055B) from Blk C
Admin has logged in!
=================================================
=================================================
ADMIN MODE
16/08/2018 20:50:11
Chat ID - 24027079
Bot User 24027079 - ericyjw (Eric, null)
Temasekian - Handsome Boii Boii (A0168055B) from Blk C
Admin viewing the list of users...
=================================================
RESET!!!!!
~~~~~~~~~~~~~~~~~~~~~~~~~~~~~~~~~~~~~~~~~~~~~~~~~
SYSTEM
16/08/2018 22:00:02
There are 65 people in the database...
Reset 64 temasekian's matric donation boolean, meal counters and admin retry counters
~~~~~~~~~~~~~~~~~~~~~~~~~~~~~~~~~~~~~~~~~~~~~~~~~
~~~~~~~~~~~~~~~~~~~~~~~~~~~~~~~~~~~~~~~~~~~~~~~~~
SYSTEM
16/08/2018 22:00:02
Reset Matric Queue & Dinner Pic List...
~~~~~~~~~~~~~~~~~~~~~~~~~~~~~~~~~~~~~~~~~~~~~~~~~
:::::::::::::::::::::::::::::::::::::::::::::::::
USER MODE
17/08/2018 00:19:13
Chat ID - 44552414
Bot User 44552414 - null (Pei Wen ?, null)
Temasekian - Peiwen (A0171613M) from Blk C
User checks for dinner menu...
No one has shared any dinner pictures yet...
:::::::::::::::::::::::::::::::::::::::::::::::::
:::::::::::::::::::::::::::::::::::::::::::::::::
USER MODE
17/08/2018 00:52:17
Chat ID - 235770563
Bot User 235770563 - darreltoh (Darrel, null)
Temasekian - Darrel (A0139279N) from Blk C
User checks for dinner menu...
No one has shared any dinner pictures yet...
:::::::::::::::::::::::::::::::::::::::::::::::::
Aug 17, 2018 1:13:19 AM org.telegram.telegrambots.logging.BotLogger warning
WARNING: BOTSESSION - {"ok":false,"error_code":502,"description":"Bad Gateway"}
Aug 17, 2018 1:13:21 AM org.telegram.telegrambots.logging.BotLogger warning
WARNING: BOTSESSION - {"ok":false,"error_code":502,"description":"Bad Gateway"}
Aug 17, 2018 1:13:22 AM org.telegram.telegrambots.logging.BotLogger warning
WARNING: BOTSESSION - {"ok":false,"error_code":502,"description":"Bad Gateway"}
Aug 17, 2018 1:13:24 AM org.telegram.telegrambots.logging.BotLogger warning
WARNING: BOTSESSION - {"ok":false,"error_code":502,"description":"Bad Gateway"}
Aug 17, 2018 1:13:25 AM org.telegram.telegrambots.logging.BotLogger warning
WARNING: BOTSESSION - {"ok":false,"error_code":502,"description":"Bad Gateway"}
:::::::::::::::::::::::::::::::::::::::::::::::::
USER MODE
17/08/2018 13:00:21
Chat ID - 219019505
Bot User 219019505 - tkdwhitebelt (Benjamin Yeo, null)
Temasekian - Benjimaru (A0140666E) from Blk B
User is contacting the admin...
:::::::::::::::::::::::::::::::::::::::::::::::::
=================================================
ADMIN MODE
17/08/2018 13:40:00
Chat ID - 24027079
Bot User 24027079 - ericyjw (Eric, null)
Temasekian - Handsome Boii Boii (A0168055B) from Blk C
Admin viewing the list of users...
=================================================
=================================================
ADMIN MODE
17/08/2018 13:40:51
Chat ID - 24027079
Bot User 24027079 - ericyjw (Eric, null)
Temasekian - Handsome Boii Boii (A0168055B) from Blk C
Admin has logged out!
=================================================
:::::::::::::::::::::::::::::::::::::::::::::::::
USER MODE
17/08/2018 13:41:20
Chat ID - 24027079
Bot User 24027079 - ericyjw (Eric, null)
Temasekian -  (A0168055B) from Blk C
Changing Temasekian name
:::::::::::::::::::::::::::::::::::::::::::::::::
~~~~~~~~~~~~~~~~~~~~~~~~~~~~~~~~~~~~~~~~~~~~~~~~~
SYSTEM
17/08/2018 13:41:33
Updating records to external txt file...
~~~~~~~~~~~~~~~~~~~~~~~~~~~~~~~~~~~~~~~~~~~~~~~~~
:::::::::::::::::::::::::::::::::::::::::::::::::
USER MODE
17/08/2018 13:41:33
Chat ID - 24027079
Bot User 24027079 - ericyjw (Eric, null)
Temasekian - Leng Zai (A0168055B) from Blk C
User has updated his particulars to the external txt file...
:::::::::::::::::::::::::::::::::::::::::::::::::
:::::::::::::::::::::::::::::::::::::::::::::::::
USER MODE
17/08/2018 13:41:33
Chat ID - 24027079
Bot User 24027079 - ericyjw (Eric, null)
Temasekian - Leng Zai (A0168055B) from Blk C
Changed Temasekian Name to: Leng Zai
:::::::::::::::::::::::::::::::::::::::::::::::::
