Hour - 22
Min - 11
~~~~~~~~~~~~~~~~~~~~~~~~~~~~~~~~~~~~~~~~~~~~~~~~~
SYSTEM
10/07/2018 22:11:18
ourTHBot uploaded...
~~~~~~~~~~~~~~~~~~~~~~~~~~~~~~~~~~~~~~~~~~~~~~~~~
~~~~~~~~~~~~~~~~~~~~~~~~~~~~~~~~~~~~~~~~~~~~~~~~~
SYSTEM
10/07/2018 22:11:18
ourTHBot is online!!
~~~~~~~~~~~~~~~~~~~~~~~~~~~~~~~~~~~~~~~~~~~~~~~~~
Hour - 22
Min - 11
~~~~~~~~~~~~~~~~~~~~~~~~~~~~~~~~~~~~~~~~~~~~~~~~~
SYSTEM
10/07/2018 22:11:56
ourTHBot uploaded...
~~~~~~~~~~~~~~~~~~~~~~~~~~~~~~~~~~~~~~~~~~~~~~~~~
~~~~~~~~~~~~~~~~~~~~~~~~~~~~~~~~~~~~~~~~~~~~~~~~~
SYSTEM
10/07/2018 22:11:56
ourTHBot is online!!
~~~~~~~~~~~~~~~~~~~~~~~~~~~~~~~~~~~~~~~~~~~~~~~~~
~~~~~~~~~~~~~~~~~~~~~~~~~~~~~~~~~~~~~~~~~~~~~~~~~
SYSTEM
10/07/2018 22:12:30
New user registering...
~~~~~~~~~~~~~~~~~~~~~~~~~~~~~~~~~~~~~~~~~~~~~~~~~
:::::::::::::::::::::::::::::::::::::::::::::::::
USER MODE
10/07/2018 22:12:31
Chat ID - 24027079
Bot User 24027079 - ericyjw (Eric, null)
Temasekian -  () from Blk 
ERROR: System has been updated... Database reset...
User needs to registered himself again...
:::::::::::::::::::::::::::::::::::::::::::::::::
~~~~~~~~~~~~~~~~~~~~~~~~~~~~~~~~~~~~~~~~~~~~~~~~~
SYSTEM
10/07/2018 22:12:33
New user registering...
~~~~~~~~~~~~~~~~~~~~~~~~~~~~~~~~~~~~~~~~~~~~~~~~~
:::::::::::::::::::::::::::::::::::::::::::::::::
USER MODE
10/07/2018 22:12:34
Chat ID - 24027079
Bot User 24027079 - ericyjw (Eric, null)
Temasekian -  () from Blk 
User getting verified...
:::::::::::::::::::::::::::::::::::::::::::::::::
:::::::::::::::::::::::::::::::::::::::::::::::::
USER MODE
10/07/2018 22:12:38
Chat ID - 24027079
Bot User 24027079 - ericyjw (Eric, null)
Temasekian -  () from Blk 
User entered the incorrect verification code...
:::::::::::::::::::::::::::::::::::::::::::::::::
:::::::::::::::::::::::::::::::::::::::::::::::::
USER MODE
10/07/2018 22:12:44
Chat ID - 24027079
Bot User 24027079 - ericyjw (Eric, null)
Temasekian -  () from Blk 
User entered the incorrect verification code...
:::::::::::::::::::::::::::::::::::::::::::::::::
:::::::::::::::::::::::::::::::::::::::::::::::::
USER MODE
10/07/2018 22:12:50
Chat ID - 24027079
Bot User 24027079 - ericyjw (Eric, null)
Temasekian -  () from Blk 
Starts registration...
:::::::::::::::::::::::::::::::::::::::::::::::::
~~~~~~~~~~~~~~~~~~~~~~~~~~~~~~~~~~~~~~~~~~~~~~~~~
SYSTEM
10/07/2018 22:14:18
New user registering...
~~~~~~~~~~~~~~~~~~~~~~~~~~~~~~~~~~~~~~~~~~~~~~~~~
:::::::::::::::::::::::::::::::::::::::::::::::::
USER MODE
10/07/2018 22:14:24
Chat ID - 27679021
Bot User 27679021 - null (Jeremy, null)
Temasekian -  () from Blk 
User getting verified...
:::::::::::::::::::::::::::::::::::::::::::::::::
:::::::::::::::::::::::::::::::::::::::::::::::::
USER MODE
10/07/2018 22:14:25
Chat ID - 27679021
Bot User 27679021 - null (Jeremy, null)
Temasekian -  () from Blk 
User entered the incorrect verification code...
:::::::::::::::::::::::::::::::::::::::::::::::::
:::::::::::::::::::::::::::::::::::::::::::::::::
USER MODE
10/07/2018 22:14:29
Chat ID - 27679021
Bot User 27679021 - null (Jeremy, null)
Temasekian -  () from Blk 
Starts registration...
:::::::::::::::::::::::::::::::::::::::::::::::::
:::::::::::::::::::::::::::::::::::::::::::::::::
USER MODE
10/07/2018 22:14:32
Chat ID - 27679021
Bot User 27679021 - null (Jeremy, null)
Temasekian - daddy () from Blk 
Temasekian name updated: daddy
:::::::::::::::::::::::::::::::::::::::::::::::::
:::::::::::::::::::::::::::::::::::::::::::::::::
USER MODE
10/07/2018 22:14:38
Chat ID - 27679021
Bot User 27679021 - null (Jeremy, null)
Temasekian - daddy (A0167441E) from Blk 
Temasekian matric updated: A0167441E
:::::::::::::::::::::::::::::::::::::::::::::::::
:::::::::::::::::::::::::::::::::::::::::::::::::
USER MODE
10/07/2018 22:14:41
Chat ID - 27679021
Bot User 27679021 - null (Jeremy, null)
Temasekian - daddy (A0167441E) from Blk 
Incorrect Block number: _D
:::::::::::::::::::::::::::::::::::::::::::::::::
:::::::::::::::::::::::::::::::::::::::::::::::::
USER MODE
10/07/2018 22:14:45
Chat ID - 27679021
Bot User 27679021 - null (Jeremy, null)
Temasekian - daddy (A0167441E) from Blk D
Temasekian blk updated: D
Temasekian REGISTERED
:::::::::::::::::::::::::::::::::::::::::::::::::
:::::::::::::::::::::::::::::::::::::::::::::::::
USER MODE
10/07/2018 22:17:05
Chat ID - 24027079
Bot User 24027079 - ericyjw (Eric, null)
Temasekian - next top model () from Blk 
Temasekian name updated: next top model
:::::::::::::::::::::::::::::::::::::::::::::::::
:::::::::::::::::::::::::::::::::::::::::::::::::
USER MODE
10/07/2018 22:17:09
Chat ID - 24027079
Bot User 24027079 - ericyjw (Eric, null)
Temasekian - next top model (A0168055B) from Blk 
Temasekian matric updated: A0168055B
:::::::::::::::::::::::::::::::::::::::::::::::::
Eric got added to admin...
:::::::::::::::::::::::::::::::::::::::::::::::::
USER MODE
10/07/2018 22:17:13
Chat ID - 24027079
Bot User 24027079 - ericyjw (Eric, null)
Temasekian - next top model (A0168055B) from Blk C
Temasekian blk updated: C
Temasekian REGISTERED
:::::::::::::::::::::::::::::::::::::::::::::::::
Hour - 4
Min - 19
~~~~~~~~~~~~~~~~~~~~~~~~~~~~~~~~~~~~~~~~~~~~~~~~~
SYSTEM
11/07/2018 04:19:58
ourTHBot uploaded...
~~~~~~~~~~~~~~~~~~~~~~~~~~~~~~~~~~~~~~~~~~~~~~~~~
~~~~~~~~~~~~~~~~~~~~~~~~~~~~~~~~~~~~~~~~~~~~~~~~~
SYSTEM
11/07/2018 04:19:58
ourTHBot is online!!
~~~~~~~~~~~~~~~~~~~~~~~~~~~~~~~~~~~~~~~~~~~~~~~~~
~~~~~~~~~~~~~~~~~~~~~~~~~~~~~~~~~~~~~~~~~~~~~~~~~
SYSTEM
11/07/2018 04:20:00
New user registering...
~~~~~~~~~~~~~~~~~~~~~~~~~~~~~~~~~~~~~~~~~~~~~~~~~
:::::::::::::::::::::::::::::::::::::::::::::::::
USER MODE
11/07/2018 04:20:01
Chat ID - 24027079
Bot User 24027079 - ericyjw (Eric, null)
Temasekian -  () from Blk 
ERROR: System has been updated... Database reset...
User needs to registered himself again...
:::::::::::::::::::::::::::::::::::::::::::::::::
~~~~~~~~~~~~~~~~~~~~~~~~~~~~~~~~~~~~~~~~~~~~~~~~~
SYSTEM
11/07/2018 04:20:02
New user registering...
~~~~~~~~~~~~~~~~~~~~~~~~~~~~~~~~~~~~~~~~~~~~~~~~~
:::::::::::::::::::::::::::::::::::::::::::::::::
USER MODE
11/07/2018 04:20:02
Chat ID - 24027079
Bot User 24027079 - ericyjw (Eric, null)
Temasekian -  () from Blk 
User getting verified...
:::::::::::::::::::::::::::::::::::::::::::::::::
:::::::::::::::::::::::::::::::::::::::::::::::::
USER MODE
11/07/2018 04:20:11
Chat ID - 24027079
Bot User 24027079 - ericyjw (Eric, null)
Temasekian -  () from Blk 
Starts registration...
:::::::::::::::::::::::::::::::::::::::::::::::::
:::::::::::::::::::::::::::::::::::::::::::::::::
USER MODE
11/07/2018 04:20:18
Chat ID - 24027079
Bot User 24027079 - ericyjw (Eric, null)
Temasekian - Handsome () from Blk 
Temasekian name updated: Handsome
:::::::::::::::::::::::::::::::::::::::::::::::::
:::::::::::::::::::::::::::::::::::::::::::::::::
USER MODE
11/07/2018 04:20:26
Chat ID - 24027079
Bot User 24027079 - ericyjw (Eric, null)
Temasekian - Handsome (A0168055B) from Blk 
Temasekian matric updated: A0168055B
:::::::::::::::::::::::::::::::::::::::::::::::::
Eric got added to admin...
:::::::::::::::::::::::::::::::::::::::::::::::::
USER MODE
11/07/2018 04:20:30
Chat ID - 24027079
Bot User 24027079 - ericyjw (Eric, null)
Temasekian - Handsome (A0168055B) from Blk D
Temasekian blk updated: D
Temasekian REGISTERED
:::::::::::::::::::::::::::::::::::::::::::::::::
:::::::::::::::::::::::::::::::::::::::::::::::::
USER MODE
11/07/2018 04:20:35
Chat ID - 24027079
Bot User 24027079 - ericyjw (Eric, null)
Temasekian - Handsome (A0168055B) from Blk D
User requesting for help...
:::::::::::::::::::::::::::::::::::::::::::::::::
:::::::::::::::::::::::::::::::::::::::::::::::::
USER MODE
11/07/2018 04:20:41
Chat ID - 24027079
Bot User 24027079 - ericyjw (Eric, null)
Temasekian - Handsome (A0168055B) from Blk D
User indicated that he/she is eating today's dinner!
:::::::::::::::::::::::::::::::::::::::::::::::::
:::::::::::::::::::::::::::::::::::::::::::::::::
USER MODE
11/07/2018 04:21:41
Chat ID - 24027079
Bot User 24027079 - ericyjw (Eric, null)
Temasekian - Handsome (A0168055B) from Blk D
Handsome has shared what is for dinner tonight!
Number of dinner pictures uploaded: 1
:::::::::::::::::::::::::::::::::::::::::::::::::
:::::::::::::::::::::::::::::::::::::::::::::::::
USER MODE
11/07/2018 04:21:41
Chat ID - 24027079
Bot User 24027079 - ericyjw (Eric, null)
Temasekian - Handsome (A0168055B) from Blk D
Handsome has shared what is for dinner tonight!
Number of dinner pictures uploaded: 2
:::::::::::::::::::::::::::::::::::::::::::::::::
:::::::::::::::::::::::::::::::::::::::::::::::::
USER MODE
11/07/2018 04:21:46
Chat ID - 24027079
Bot User 24027079 - ericyjw (Eric, null)
Temasekian - Handsome (A0168055B) from Blk D
Not Eating - Matric Number Donated: A0168055B
Number of Matric in system: 1
:::::::::::::::::::::::::::::::::::::::::::::::::
:::::::::::::::::::::::::::::::::::::::::::::::::
USER MODE
11/07/2018 04:21:52
Chat ID - 24027079
Bot User 24027079 - ericyjw (Eric, null)
Temasekian - Handsome (A0168055B) from Blk D
User requesting for help...
:::::::::::::::::::::::::::::::::::::::::::::::::
:::::::::::::::::::::::::::::::::::::::::::::::::
USER MODE
11/07/2018 04:21:58
Chat ID - 24027079
Bot User 24027079 - ericyjw (Eric, null)
Temasekian - Handsome (A0168055B) from Blk D
User attempt to report another user!
:::::::::::::::::::::::::::::::::::::::::::::::::
:::::::::::::::::::::::::::::::::::::::::::::::::
USER MODE
11/07/2018 04:22:05
Chat ID - 24027079
Bot User 24027079 - ericyjw (Eric, null)
Temasekian - Handsome (A0168055B) from Blk D
User is banning A0168055B
:::::::::::::::::::::::::::::::::::::::::::::::::
:::::::::::::::::::::::::::::::::::::::::::::::::
USER MODE
11/07/2018 04:22:10
Chat ID - 24027079
Bot User 24027079 - ericyjw (Eric, null)
Temasekian - Handsome (A0168055B) from Blk D
Reported A0168055B for "Test report"
There are 1 reported case(s)
:::::::::::::::::::::::::::::::::::::::::::::::::
:::::::::::::::::::::::::::::::::::::::::::::::::
USER MODE
11/07/2018 04:22:38
Chat ID - 24027079
Bot User 24027079 - ericyjw (Eric, null)
Temasekian - Handsome (A0168055B) from Blk D
User attempt to give a feedback!
:::::::::::::::::::::::::::::::::::::::::::::::::
:::::::::::::::::::::::::::::::::::::::::::::::::
USER MODE
11/07/2018 04:22:46
Chat ID - 24027079
Bot User 24027079 - ericyjw (Eric, null)
Temasekian - Handsome (A0168055B) from Blk D
User gave a feedback - "Test feedback"
There are 1 feedback...
:::::::::::::::::::::::::::::::::::::::::::::::::
:::::::::::::::::::::::::::::::::::::::::::::::::
USER MODE
11/07/2018 04:22:59
Chat ID - 24027079
Bot User 24027079 - ericyjw (Eric, null)
Temasekian - Handsome (A0168055B) from Blk D
User is contacting the admin...
:::::::::::::::::::::::::::::::::::::::::::::::::
:::::::::::::::::::::::::::::::::::::::::::::::::
USER MODE
11/07/2018 04:23:06
Chat ID - 24027079
Bot User 24027079 - ericyjw (Eric, null)
Temasekian - Handsome (A0168055B) from Blk D
User contacted the admins...
Message - Test contact
:::::::::::::::::::::::::::::::::::::::::::::::::
Jul 11, 2018 1:13:36 AM org.telegram.telegrambots.logging.BotLogger warning
WARNING: BOTSESSION - {"ok":false,"error_code":502,"description":"Bad Gateway"}
Jul 11, 2018 1:13:38 AM org.telegram.telegrambots.logging.BotLogger warning
WARNING: BOTSESSION - {"ok":false,"error_code":502,"description":"Bad Gateway"}
~~~~~~~~~~~~~~~~~~~~~~~~~~~~~~~~~~~~~~~~~~~~~~~~~
SYSTEM
11/07/2018 09:23:23
New user registering...
~~~~~~~~~~~~~~~~~~~~~~~~~~~~~~~~~~~~~~~~~~~~~~~~~
:::::::::::::::::::::::::::::::::::::::::::::::::
USER MODE
11/07/2018 09:23:25
Chat ID - 166483090
Bot User 166483090 - jayrometan (Jerome, null)
Temasekian -  () from Blk 
User getting verified...
:::::::::::::::::::::::::::::::::::::::::::::::::
:::::::::::::::::::::::::::::::::::::::::::::::::
USER MODE
11/07/2018 09:23:30
Chat ID - 166483090
Bot User 166483090 - jayrometan (Jerome, null)
Temasekian -  () from Blk 
Starts registration...
:::::::::::::::::::::::::::::::::::::::::::::::::
~~~~~~~~~~~~~~~~~~~~~~~~~~~~~~~~~~~~~~~~~~~~~~~~~
SYSTEM
11/07/2018 09:23:31
EXCEPTION: USER ENTERED INVALID COMMAND...
~~~~~~~~~~~~~~~~~~~~~~~~~~~~~~~~~~~~~~~~~~~~~~~~~
Exception:
java.lang.NullPointerException
:::::::::::::::::::::::::::::::::::::::::::::::::
USER MODE
11/07/2018 09:23:45
Chat ID - 166483090
Bot User 166483090 - jayrometan (Jerome, null)
Temasekian - Jayrome () from Blk 
Temasekian name updated: Jayrome
:::::::::::::::::::::::::::::::::::::::::::::::::
:::::::::::::::::::::::::::::::::::::::::::::::::
USER MODE
11/07/2018 09:23:49
Chat ID - 166483090
Bot User 166483090 - jayrometan (Jerome, null)
Temasekian - Jayrome (A0168191Y) from Blk 
Temasekian matric updated: A0168191Y
:::::::::::::::::::::::::::::::::::::::::::::::::
:::::::::::::::::::::::::::::::::::::::::::::::::
USER MODE
11/07/2018 09:23:53
Chat ID - 166483090
Bot User 166483090 - jayrometan (Jerome, null)
Temasekian - Jayrome (A0168191Y) from Blk C
Temasekian blk updated: C
Temasekian REGISTERED
:::::::::::::::::::::::::::::::::::::::::::::::::
:::::::::::::::::::::::::::::::::::::::::::::::::
USER MODE
11/07/2018 09:24:10
Chat ID - 166483090
Bot User 166483090 - jayrometan (Jerome, null)
Temasekian - Jayrome (A0168191Y) from Blk C
Jayrome has shared what is for dinner tonight!
Number of dinner pictures uploaded: 3
:::::::::::::::::::::::::::::::::::::::::::::::::
:::::::::::::::::::::::::::::::::::::::::::::::::
USER MODE
11/07/2018 09:24:20
Chat ID - 166483090
Bot User 166483090 - jayrometan (Jerome, null)
Temasekian - Jayrome (A0168191Y) from Blk C
Not Eating - Matric Number Donated: A0168191Y
Number of Matric in system: 2
:::::::::::::::::::::::::::::::::::::::::::::::::
:::::::::::::::::::::::::::::::::::::::::::::::::
USER MODE
11/07/2018 09:28:58
Chat ID - 166483090
Bot User 166483090 - jayrometan (Jerome, null)
Temasekian - Jayrome (A0168191Y) from Blk C
User attempt to give a feedback!
:::::::::::::::::::::::::::::::::::::::::::::::::
:::::::::::::::::::::::::::::::::::::::::::::::::
USER MODE
11/07/2018 09:29:03
Chat ID - 166483090
Bot User 166483090 - jayrometan (Jerome, null)
Temasekian - Jayrome (A0168191Y) from Blk C
User gave a feedback - "i love eric"
There are 2 feedback...
:::::::::::::::::::::::::::::::::::::::::::::::::
~~~~~~~~~~~~~~~~~~~~~~~~~~~~~~~~~~~~~~~~~~~~~~~~~
SYSTEM
11/07/2018 10:06:51
New user registering...
~~~~~~~~~~~~~~~~~~~~~~~~~~~~~~~~~~~~~~~~~~~~~~~~~
:::::::::::::::::::::::::::::::::::::::::::::::::
USER MODE
11/07/2018 10:06:53
Chat ID - 27679021
Bot User 27679021 - null (Jeremy, null)
Temasekian -  () from Blk 
User getting verified...
:::::::::::::::::::::::::::::::::::::::::::::::::
:::::::::::::::::::::::::::::::::::::::::::::::::
USER MODE
11/07/2018 10:07:01
Chat ID - 27679021
Bot User 27679021 - null (Jeremy, null)
Temasekian -  () from Blk 
User entered the incorrect verification code...
:::::::::::::::::::::::::::::::::::::::::::::::::
~~~~~~~~~~~~~~~~~~~~~~~~~~~~~~~~~~~~~~~~~~~~~~~~~
SYSTEM
11/07/2018 10:07:02
EXCEPTION: USER ENTERED INVALID COMMAND...
~~~~~~~~~~~~~~~~~~~~~~~~~~~~~~~~~~~~~~~~~~~~~~~~~
Exception:
java.lang.NullPointerException
:::::::::::::::::::::::::::::::::::::::::::::::::
USER MODE
11/07/2018 10:07:20
Chat ID - 27679021
Bot User 27679021 - null (Jeremy, null)
Temasekian -  () from Blk 
Starts registration...
:::::::::::::::::::::::::::::::::::::::::::::::::
~~~~~~~~~~~~~~~~~~~~~~~~~~~~~~~~~~~~~~~~~~~~~~~~~
SYSTEM
11/07/2018 10:07:21
EXCEPTION: USER ENTERED INVALID COMMAND...
~~~~~~~~~~~~~~~~~~~~~~~~~~~~~~~~~~~~~~~~~~~~~~~~~
Exception:
java.lang.NullPointerException
:::::::::::::::::::::::::::::::::::::::::::::::::
USER MODE
11/07/2018 10:07:31
Chat ID - 27679021
Bot User 27679021 - null (Jeremy, null)
Temasekian - Daddy () from Blk 
Temasekian name updated: Daddy
:::::::::::::::::::::::::::::::::::::::::::::::::
:::::::::::::::::::::::::::::::::::::::::::::::::
USER MODE
11/07/2018 10:07:47
Chat ID - 27679021
Bot User 27679021 - null (Jeremy, null)
Temasekian - Daddy (A0167441E) from Blk 
Temasekian matric updated: A0167441E
:::::::::::::::::::::::::::::::::::::::::::::::::
:::::::::::::::::::::::::::::::::::::::::::::::::
USER MODE
11/07/2018 10:07:55
Chat ID - 27679021
Bot User 27679021 - null (Jeremy, null)
Temasekian - Daddy (A0167441E) from Blk D
Temasekian blk updated: D
Temasekian REGISTERED
:::::::::::::::::::::::::::::::::::::::::::::::::
:::::::::::::::::::::::::::::::::::::::::::::::::
USER MODE
11/07/2018 10:08:01
Chat ID - 27679021
Bot User 27679021 - null (Jeremy, null)
Temasekian - Daddy (A0167441E) from Blk D
Not Eating - Matric Number Donated: A0167441E
Number of Matric in system: 3
:::::::::::::::::::::::::::::::::::::::::::::::::
:::::::::::::::::::::::::::::::::::::::::::::::::
USER MODE
11/07/2018 10:08:15
Chat ID - 27679021
Bot User 27679021 - null (Jeremy, null)
Temasekian - Daddy (A0167441E) from Blk D
User requested for dinner pictures...
Display 3 dinner picture(s)
:::::::::::::::::::::::::::::::::::::::::::::::::
:::::::::::::::::::::::::::::::::::::::::::::::::
USER MODE
11/07/2018 10:08:30
Chat ID - 27679021
Bot User 27679021 - null (Jeremy, null)
Temasekian - Daddy (A0167441E) from Blk D
User requesting for help...
:::::::::::::::::::::::::::::::::::::::::::::::::
:::::::::::::::::::::::::::::::::::::::::::::::::
USER MODE
11/07/2018 10:16:27
Chat ID - 27679021
Bot User 27679021 - null (Jeremy, null)
Temasekian - Daddy (A0167441E) from Blk D
Daddy has shared what is for dinner tonight!
Number of dinner pictures uploaded: 4
:::::::::::::::::::::::::::::::::::::::::::::::::
:::::::::::::::::::::::::::::::::::::::::::::::::
USER MODE
11/07/2018 10:17:43
Chat ID - 24027079
Bot User 24027079 - ericyjw (Eric, null)
Temasekian - Handsome (A0168055B) from Blk D
User viewing hidden admin commands...
:::::::::::::::::::::::::::::::::::::::::::::::::
=================================================
ADMIN MODE
11/07/2018 10:17:48
Chat ID - 24027079
Bot User 24027079 - ericyjw (Eric, null)
Temasekian - Handsome (A0168055B) from Blk D
Admin is viewing feedback list...
=================================================
:::::::::::::::::::::::::::::::::::::::::::::::::
USER MODE
11/07/2018 10:18:03
Chat ID - 24027079
Bot User 24027079 - ericyjw (Eric, null)
Temasekian - Handsome (A0168055B) from Blk D
User setting target userId
:::::::::::::::::::::::::::::::::::::::::::::::::
:::::::::::::::::::::::::::::::::::::::::::::::::
USER MODE
11/07/2018 10:18:16
Chat ID - 24027079
Bot User 24027079 - ericyjw (Eric, null)
Temasekian - Handsome (A0168055B) from Blk D
User changed his target user!
:::::::::::::::::::::::::::::::::::::::::::::::::
:::::::::::::::::::::::::::::::::::::::::::::::::
USER MODE
11/07/2018 10:18:29
Chat ID - 24027079
Bot User 24027079 - ericyjw (Eric, null)
Temasekian - Handsome (A0168055B) from Blk D
User replying admin...
:::::::::::::::::::::::::::::::::::::::::::::::::
:::::::::::::::::::::::::::::::::::::::::::::::::
USER MODE
11/07/2018 10:18:41
Chat ID - 24027079
Bot User 24027079 - ericyjw (Eric, null)
Temasekian - Handsome (A0168055B) from Blk D
User replied to a pm from Jayrome (A0168191Y) from Blk C
Reply - Hi jerome can u see this?
:::::::::::::::::::::::::::::::::::::::::::::::::
:::::::::::::::::::::::::::::::::::::::::::::::::
USER MODE
11/07/2018 10:18:49
Chat ID - 166483090
Bot User 166483090 - jayrometan (Jerome, null)
Temasekian - Jayrome (A0168191Y) from Blk C
User replying admin...
:::::::::::::::::::::::::::::::::::::::::::::::::
:::::::::::::::::::::::::::::::::::::::::::::::::
USER MODE
11/07/2018 10:18:52
Chat ID - 166483090
Bot User 166483090 - jayrometan (Jerome, null)
Temasekian - Jayrome (A0168191Y) from Blk C
User replied to a pm from Handsome (A0168055B) from Blk D
Reply - wtf
:::::::::::::::::::::::::::::::::::::::::::::::::
:::::::::::::::::::::::::::::::::::::::::::::::::
USER MODE
11/07/2018 10:19:06
Chat ID - 24027079
Bot User 24027079 - ericyjw (Eric, null)
Temasekian - Handsome (A0168055B) from Blk D
User replying admin...
:::::::::::::::::::::::::::::::::::::::::::::::::
:::::::::::::::::::::::::::::::::::::::::::::::::
USER MODE
11/07/2018 10:19:10
Chat ID - 24027079
Bot User 24027079 - ericyjw (Eric, null)
Temasekian - Handsome (A0168055B) from Blk D
User replied to a pm from Jayrome (A0168191Y) from Blk C
Reply - So u can?
:::::::::::::::::::::::::::::::::::::::::::::::::
:::::::::::::::::::::::::::::::::::::::::::::::::
USER MODE
11/07/2018 10:19:14
Chat ID - 166483090
Bot User 166483090 - jayrometan (Jerome, null)
Temasekian - Jayrome (A0168191Y) from Blk C
User replying admin...
:::::::::::::::::::::::::::::::::::::::::::::::::
:::::::::::::::::::::::::::::::::::::::::::::::::
USER MODE
11/07/2018 10:19:24
Chat ID - 166483090
Bot User 166483090 - jayrometan (Jerome, null)
Temasekian - Jayrome (A0168191Y) from Blk C
User replied to a pm from Handsome (A0168055B) from Blk D
Reply - i will suck ur right one
:::::::::::::::::::::::::::::::::::::::::::::::::
:::::::::::::::::::::::::::::::::::::::::::::::::
USER MODE
11/07/2018 10:20:49
Chat ID - 24027079
Bot User 24027079 - ericyjw (Eric, null)
Temasekian - Handsome (A0168055B) from Blk D
User replying admin...
:::::::::::::::::::::::::::::::::::::::::::::::::
:::::::::::::::::::::::::::::::::::::::::::::::::
USER MODE
11/07/2018 10:20:53
Chat ID - 24027079
Bot User 24027079 - ericyjw (Eric, null)
Temasekian - Handsome (A0168055B) from Blk D
User replied to a pm from Jayrome (A0168191Y) from Blk C
Reply - So can read la
:::::::::::::::::::::::::::::::::::::::::::::::::
:::::::::::::::::::::::::::::::::::::::::::::::::
USER MODE
11/07/2018 10:21:07
Chat ID - 24027079
Bot User 24027079 - ericyjw (Eric, null)
Temasekian - Handsome (A0168055B) from Blk D
User replying admin...
:::::::::::::::::::::::::::::::::::::::::::::::::
:::::::::::::::::::::::::::::::::::::::::::::::::
USER MODE
11/07/2018 10:21:16
Chat ID - 24027079
Bot User 24027079 - ericyjw (Eric, null)
Temasekian - Handsome (A0168055B) from Blk D
User replied to a pm from Jayrome (A0168191Y) from Blk C
Reply - Good that means working
:::::::::::::::::::::::::::::::::::::::::::::::::
=================================================
ADMIN MODE
11/07/2018 10:28:26
Chat ID - 24027079
Bot User 24027079 - ericyjw (Eric, null)
Temasekian - Handsome (A0168055B) from Blk D
Attemping Admin Log In...
=================================================
=================================================
ADMIN MODE
11/07/2018 10:28:28
Chat ID - 24027079
Bot User 24027079 - ericyjw (Eric, null)
Temasekian - Handsome (A0168055B) from Blk D
Admin has logged in!
=================================================
=================================================
ADMIN MODE
11/07/2018 10:28:36
Chat ID - 24027079
Bot User 24027079 - ericyjw (Eric, null)
Temasekian - Handsome (A0168055B) from Blk D
Admin viewing the list of users...
=================================================
=================================================
ADMIN MODE
11/07/2018 10:28:44
Chat ID - 24027079
Bot User 24027079 - ericyjw (Eric, null)
Temasekian - Handsome (A0168055B) from Blk D
Requesting for matric number to exchange for Telegram user id
=================================================
=================================================
ADMIN MODE
11/07/2018 10:28:55
Chat ID - 24027079
Bot User 24027079 - ericyjw (Eric, null)
Temasekian - Handsome (A0168055B) from Blk D
Admin exchanged martic number for userId... A0167441E -> 27679021
=================================================
=================================================
ADMIN MODE
11/07/2018 10:29:09
Chat ID - 24027079
Bot User 24027079 - ericyjw (Eric, null)
Temasekian - Handsome (A0168055B) from Blk D
Admin has logged out!
=================================================
:::::::::::::::::::::::::::::::::::::::::::::::::
USER MODE
11/07/2018 10:29:16
Chat ID - 24027079
Bot User 24027079 - ericyjw (Eric, null)
Temasekian - Handsome (A0168055B) from Blk D
User attempt to give a feedback!
:::::::::::::::::::::::::::::::::::::::::::::::::
:::::::::::::::::::::::::::::::::::::::::::::::::
USER MODE
11/07/2018 10:29:55
Chat ID - 24027079
Bot User 24027079 - ericyjw (Eric, null)
Temasekian - Handsome (A0168055B) from Blk D
User gave a feedback - "Check matric to userid database when there is an update in matric number"
There are 3 feedback...
:::::::::::::::::::::::::::::::::::::::::::::::::
:::::::::::::::::::::::::::::::::::::::::::::::::
USER MODE
11/07/2018 10:30:20
Chat ID - 24027079
Bot User 24027079 - ericyjw (Eric, null)
Temasekian - Handsome (A0168055B) from Blk D
User setting target userId
:::::::::::::::::::::::::::::::::::::::::::::::::
:::::::::::::::::::::::::::::::::::::::::::::::::
USER MODE
11/07/2018 10:30:31
Chat ID - 24027079
Bot User 24027079 - ericyjw (Eric, null)
Temasekian - Handsome (A0168055B) from Blk D
User changed his target user!
:::::::::::::::::::::::::::::::::::::::::::::::::
:::::::::::::::::::::::::::::::::::::::::::::::::
USER MODE
11/07/2018 10:30:35
Chat ID - 24027079
Bot User 24027079 - ericyjw (Eric, null)
Temasekian - Handsome (A0168055B) from Blk D
User replying admin...
:::::::::::::::::::::::::::::::::::::::::::::::::
:::::::::::::::::::::::::::::::::::::::::::::::::
USER MODE
11/07/2018 10:30:44
Chat ID - 24027079
Bot User 24027079 - ericyjw (Eric, null)
Temasekian - Handsome (A0168055B) from Blk D
User replied to a pm from Daddy (A0167441E) from Blk D
Reply - Hello aw
:::::::::::::::::::::::::::::::::::::::::::::::::
:::::::::::::::::::::::::::::::::::::::::::::::::
USER MODE
11/07/2018 10:31:29
Chat ID - 24027079
Bot User 24027079 - ericyjw (Eric, null)
Temasekian - Handsome (A0168055B) from Blk D
User replying admin...
:::::::::::::::::::::::::::::::::::::::::::::::::
:::::::::::::::::::::::::::::::::::::::::::::::::
USER MODE
11/07/2018 10:31:31
Chat ID - 27679021
Bot User 27679021 - null (Jeremy, null)
Temasekian - Daddy (A0167441E) from Blk D
User replying admin...
:::::::::::::::::::::::::::::::::::::::::::::::::
:::::::::::::::::::::::::::::::::::::::::::::::::
USER MODE
11/07/2018 10:31:33
Chat ID - 27679021
Bot User 27679021 - null (Jeremy, null)
Temasekian - Daddy (A0167441E) from Blk D
User replied to a pm from Handsome (A0168055B) from Blk D
Reply - Dog
:::::::::::::::::::::::::::::::::::::::::::::::::
:::::::::::::::::::::::::::::::::::::::::::::::::
USER MODE
11/07/2018 10:31:34
Chat ID - 24027079
Bot User 24027079 - ericyjw (Eric, null)
Temasekian - Handsome (A0168055B) from Blk D
User replied to a pm from Daddy (A0167441E) from Blk D
Reply - Can u read me???
:::::::::::::::::::::::::::::::::::::::::::::::::
:::::::::::::::::::::::::::::::::::::::::::::::::
USER MODE
11/07/2018 10:31:43
Chat ID - 24027079
Bot User 24027079 - ericyjw (Eric, null)
Temasekian - Handsome (A0168055B) from Blk D
User replying admin...
:::::::::::::::::::::::::::::::::::::::::::::::::
:::::::::::::::::::::::::::::::::::::::::::::::::
USER MODE
11/07/2018 10:31:47
Chat ID - 27679021
Bot User 27679021 - null (Jeremy, null)
Temasekian - Daddy (A0167441E) from Blk D
User replying admin...
:::::::::::::::::::::::::::::::::::::::::::::::::
:::::::::::::::::::::::::::::::::::::::::::::::::
USER MODE
11/07/2018 10:31:52
Chat ID - 27679021
Bot User 27679021 - null (Jeremy, null)
Temasekian - Daddy (A0167441E) from Blk D
User replied to a pm from Handsome (A0168055B) from Blk D
Reply - Replying now
:::::::::::::::::::::::::::::::::::::::::::::::::
:::::::::::::::::::::::::::::::::::::::::::::::::
USER MODE
11/07/2018 10:32:01
Chat ID - 24027079
Bot User 24027079 - ericyjw (Eric, null)
Temasekian - Handsome (A0168055B) from Blk D
User replied to a pm from Daddy (A0167441E) from Blk D
Reply - Which messages u received?
:::::::::::::::::::::::::::::::::::::::::::::::::
:::::::::::::::::::::::::::::::::::::::::::::::::
USER MODE
11/07/2018 11:26:20
Chat ID - 24027079
Bot User 24027079 - ericyjw (Eric, null)
Temasekian - Handsome (A0168055B) from Blk D
User requested for dinner pictures...
Display 4 dinner picture(s)
:::::::::::::::::::::::::::::::::::::::::::::::::
=================================================
ADMIN MODE
11/07/2018 11:26:37
Chat ID - 24027079
Bot User 24027079 - ericyjw (Eric, null)
Temasekian - Handsome (A0168055B) from Blk D
Attemping Admin Log In...
=================================================
=================================================
ADMIN MODE
11/07/2018 11:26:47
Chat ID - 24027079
Bot User 24027079 - ericyjw (Eric, null)
Temasekian - Handsome (A0168055B) from Blk D
Admin has logged in!
=================================================
=================================================
ADMIN MODE
11/07/2018 11:29:58
Chat ID - 24027079
Bot User 24027079 - ericyjw (Eric, null)
Temasekian - Handsome (A0168055B) from Blk D
Admin accessing help...
=================================================
=================================================
ADMIN MODE
11/07/2018 11:30:07
Chat ID - 24027079
Bot User 24027079 - ericyjw (Eric, null)
Temasekian - Handsome (A0168055B) from Blk D
Admin is doing a quality check on the dinner pictures uploaded...
=================================================
1
false
true
=================================================
ADMIN MODE
11/07/2018 11:30:15
Chat ID - 24027079
Bot User 24027079 - ericyjw (Eric, null)
Temasekian - Handsome (A0168055B) from Blk D
Admin has deleted 1 photos after doing quality control on the dinner photos uploaded...
=================================================
=================================================
ADMIN MODE
11/07/2018 11:30:24
Chat ID - 24027079
Bot User 24027079 - ericyjw (Eric, null)
Temasekian - Handsome (A0168055B) from Blk D
Admin is doing a quality check on the dinner pictures uploaded...
=================================================
=================================================
ADMIN MODE
11/07/2018 11:30:27
Chat ID - 24027079
Bot User 24027079 - ericyjw (Eric, null)
Temasekian - Handsome (A0168055B) from Blk D
Admin returned to Admin Home...
=================================================
=================================================
ADMIN MODE
11/07/2018 11:30:32
Chat ID - 24027079
Bot User 24027079 - ericyjw (Eric, null)
Temasekian - Handsome (A0168055B) from Blk D
Admin has logged out!
=================================================
Hour - 11
Min - 40
~~~~~~~~~~~~~~~~~~~~~~~~~~~~~~~~~~~~~~~~~~~~~~~~~
SYSTEM
11/07/2018 11:40:50
ourTHBot uploaded...
~~~~~~~~~~~~~~~~~~~~~~~~~~~~~~~~~~~~~~~~~~~~~~~~~
~~~~~~~~~~~~~~~~~~~~~~~~~~~~~~~~~~~~~~~~~~~~~~~~~
SYSTEM
11/07/2018 11:40:50
ourTHBot is online!!
~~~~~~~~~~~~~~~~~~~~~~~~~~~~~~~~~~~~~~~~~~~~~~~~~
~~~~~~~~~~~~~~~~~~~~~~~~~~~~~~~~~~~~~~~~~~~~~~~~~
SYSTEM
11/07/2018 11:41:40
New user registering...
~~~~~~~~~~~~~~~~~~~~~~~~~~~~~~~~~~~~~~~~~~~~~~~~~
:::::::::::::::::::::::::::::::::::::::::::::::::
USER MODE
11/07/2018 11:41:41
Chat ID - 24027079
Bot User 24027079 - ericyjw (Eric, null)
Temasekian -  () from Blk 
ERROR: System has been updated... Database reset...
User needs to registered himself again...
:::::::::::::::::::::::::::::::::::::::::::::::::
~~~~~~~~~~~~~~~~~~~~~~~~~~~~~~~~~~~~~~~~~~~~~~~~~
SYSTEM
11/07/2018 11:41:42
New user registering...
~~~~~~~~~~~~~~~~~~~~~~~~~~~~~~~~~~~~~~~~~~~~~~~~~
:::::::::::::::::::::::::::::::::::::::::::::::::
USER MODE
11/07/2018 11:41:43
Chat ID - 24027079
Bot User 24027079 - ericyjw (Eric, null)
Temasekian -  () from Blk 
User getting verified...
:::::::::::::::::::::::::::::::::::::::::::::::::
~~~~~~~~~~~~~~~~~~~~~~~~~~~~~~~~~~~~~~~~~~~~~~~~~
SYSTEM
11/07/2018 11:41:48
New user registering...
~~~~~~~~~~~~~~~~~~~~~~~~~~~~~~~~~~~~~~~~~~~~~~~~~
:::::::::::::::::::::::::::::::::::::::::::::::::
USER MODE
11/07/2018 11:41:48
Chat ID - 166483090
Bot User 166483090 - jayrometan (Jerome, null)
Temasekian -  () from Blk 
User getting verified...
:::::::::::::::::::::::::::::::::::::::::::::::::
:::::::::::::::::::::::::::::::::::::::::::::::::
USER MODE
11/07/2018 11:41:50
Chat ID - 24027079
Bot User 24027079 - ericyjw (Eric, null)
Temasekian -  () from Blk 
Starts registration...
:::::::::::::::::::::::::::::::::::::::::::::::::
:::::::::::::::::::::::::::::::::::::::::::::::::
USER MODE
11/07/2018 11:41:53
Chat ID - 166483090
Bot User 166483090 - jayrometan (Jerome, null)
Temasekian -  () from Blk 
Starts registration...
:::::::::::::::::::::::::::::::::::::::::::::::::
:::::::::::::::::::::::::::::::::::::::::::::::::
USER MODE
11/07/2018 11:41:54
Chat ID - 24027079
Bot User 24027079 - ericyjw (Eric, null)
Temasekian - Eric () from Blk 
Temasekian name updated: Eric
:::::::::::::::::::::::::::::::::::::::::::::::::
:::::::::::::::::::::::::::::::::::::::::::::::::
USER MODE
11/07/2018 11:41:58
Chat ID - 166483090
Bot User 166483090 - jayrometan (Jerome, null)
Temasekian -  () from Blk 
Invalid name - /start
:::::::::::::::::::::::::::::::::::::::::::::::::
:::::::::::::::::::::::::::::::::::::::::::::::::
USER MODE
11/07/2018 11:42:01
Chat ID - 24027079
Bot User 24027079 - ericyjw (Eric, null)
Temasekian - Eric (A0168055B) from Blk 
Temasekian matric updated: A0168055B
:::::::::::::::::::::::::::::::::::::::::::::::::
:::::::::::::::::::::::::::::::::::::::::::::::::
USER MODE
11/07/2018 11:42:02
Chat ID - 166483090
Bot User 166483090 - jayrometan (Jerome, null)
Temasekian - Jerome () from Blk 
Temasekian name updated: Jerome
:::::::::::::::::::::::::::::::::::::::::::::::::
Eric got added to admin...
:::::::::::::::::::::::::::::::::::::::::::::::::
USER MODE
11/07/2018 11:42:06
Chat ID - 24027079
Bot User 24027079 - ericyjw (Eric, null)
Temasekian - Eric (A0168055B) from Blk C
Temasekian blk updated: C
Temasekian REGISTERED
:::::::::::::::::::::::::::::::::::::::::::::::::
:::::::::::::::::::::::::::::::::::::::::::::::::
USER MODE
11/07/2018 11:42:11
Chat ID - 24027079
Bot User 24027079 - ericyjw (Eric, null)
Temasekian - Eric (A0168055B) from Blk C
User attempt to report another user!
:::::::::::::::::::::::::::::::::::::::::::::::::
:::::::::::::::::::::::::::::::::::::::::::::::::
USER MODE
11/07/2018 11:42:12
Chat ID - 166483090
Bot User 166483090 - jayrometan (Jerome, null)
Temasekian - Jerome (A0168191Y) from Blk 
Temasekian matric updated: A0168191Y
:::::::::::::::::::::::::::::::::::::::::::::::::
:::::::::::::::::::::::::::::::::::::::::::::::::
USER MODE
11/07/2018 11:42:18
Chat ID - 166483090
Bot User 166483090 - jayrometan (Jerome, null)
Temasekian - Jerome (A0168191Y) from Blk C
Temasekian blk updated: C
Temasekian REGISTERED
:::::::::::::::::::::::::::::::::::::::::::::::::
:::::::::::::::::::::::::::::::::::::::::::::::::
USER MODE
11/07/2018 11:42:19
Chat ID - 24027079
Bot User 24027079 - ericyjw (Eric, null)
Temasekian - Eric (A0168055B) from Blk C
User is banning A0168055B
:::::::::::::::::::::::::::::::::::::::::::::::::
Hour - 11
Min - 43
~~~~~~~~~~~~~~~~~~~~~~~~~~~~~~~~~~~~~~~~~~~~~~~~~
SYSTEM
11/07/2018 11:43:07
ourTHBot uploaded...
~~~~~~~~~~~~~~~~~~~~~~~~~~~~~~~~~~~~~~~~~~~~~~~~~
~~~~~~~~~~~~~~~~~~~~~~~~~~~~~~~~~~~~~~~~~~~~~~~~~
SYSTEM
11/07/2018 11:43:07
ourTHBot is online!!
~~~~~~~~~~~~~~~~~~~~~~~~~~~~~~~~~~~~~~~~~~~~~~~~~
~~~~~~~~~~~~~~~~~~~~~~~~~~~~~~~~~~~~~~~~~~~~~~~~~
SYSTEM
11/07/2018 11:43:08
New user registering...
~~~~~~~~~~~~~~~~~~~~~~~~~~~~~~~~~~~~~~~~~~~~~~~~~
:::::::::::::::::::::::::::::::::::::::::::::::::
USER MODE
11/07/2018 11:43:09
Chat ID - 166483090
Bot User 166483090 - jayrometan (Jerome, null)
Temasekian -  () from Blk 
User getting verified...
:::::::::::::::::::::::::::::::::::::::::::::::::
:::::::::::::::::::::::::::::::::::::::::::::::::
USER MODE
11/07/2018 11:43:17
Chat ID - 166483090
Bot User 166483090 - jayrometan (Jerome, null)
Temasekian -  () from Blk 
User entered the incorrect verification code...
Incorrect Verification Code - penis
:::::::::::::::::::::::::::::::::::::::::::::::::
~~~~~~~~~~~~~~~~~~~~~~~~~~~~~~~~~~~~~~~~~~~~~~~~~
SYSTEM
11/07/2018 11:43:17
New user registering...
~~~~~~~~~~~~~~~~~~~~~~~~~~~~~~~~~~~~~~~~~~~~~~~~~
:::::::::::::::::::::::::::::::::::::::::::::::::
USER MODE
11/07/2018 11:43:18
Chat ID - 24027079
Bot User 24027079 - ericyjw (Eric, null)
Temasekian -  () from Blk 
ERROR: System has been updated... Database reset...
User needs to registered himself again...
:::::::::::::::::::::::::::::::::::::::::::::::::
~~~~~~~~~~~~~~~~~~~~~~~~~~~~~~~~~~~~~~~~~~~~~~~~~
SYSTEM
11/07/2018 11:43:19
New user registering...
~~~~~~~~~~~~~~~~~~~~~~~~~~~~~~~~~~~~~~~~~~~~~~~~~
:::::::::::::::::::::::::::::::::::::::::::::::::
USER MODE
11/07/2018 11:43:20
Chat ID - 24027079
Bot User 24027079 - ericyjw (Eric, null)
Temasekian -  () from Blk 
User getting verified...
:::::::::::::::::::::::::::::::::::::::::::::::::
:::::::::::::::::::::::::::::::::::::::::::::::::
USER MODE
11/07/2018 11:43:20
Chat ID - 166483090
Bot User 166483090 - jayrometan (Jerome, null)
Temasekian -  () from Blk 
User entered the incorrect verification code...
Incorrect Verification Code - penis
:::::::::::::::::::::::::::::::::::::::::::::::::
:::::::::::::::::::::::::::::::::::::::::::::::::
USER MODE
11/07/2018 11:43:28
Chat ID - 24027079
Bot User 24027079 - ericyjw (Eric, null)
Temasekian -  () from Blk 
Starts registration...
:::::::::::::::::::::::::::::::::::::::::::::::::
:::::::::::::::::::::::::::::::::::::::::::::::::
USER MODE
11/07/2018 11:43:34
Chat ID - 166483090
Bot User 166483090 - jayrometan (Jerome, null)
Temasekian -  () from Blk 
Starts registration...
:::::::::::::::::::::::::::::::::::::::::::::::::
:::::::::::::::::::::::::::::::::::::::::::::::::
USER MODE
11/07/2018 11:43:34
Chat ID - 24027079
Bot User 24027079 - ericyjw (Eric, null)
Temasekian - Handsome () from Blk 
Temasekian name updated: Handsome
:::::::::::::::::::::::::::::::::::::::::::::::::
:::::::::::::::::::::::::::::::::::::::::::::::::
USER MODE
11/07/2018 11:43:41
Chat ID - 166483090
Bot User 166483090 - jayrometan (Jerome, null)
Temasekian - jdndnd () from Blk 
Temasekian name updated: jdndnd
:::::::::::::::::::::::::::::::::::::::::::::::::
:::::::::::::::::::::::::::::::::::::::::::::::::
USER MODE
11/07/2018 11:43:42
Chat ID - 166483090
Bot User 166483090 - jayrometan (Jerome, null)
Temasekian - jdndnd () from Blk 
Incorrect matric number: C
:::::::::::::::::::::::::::::::::::::::::::::::::
:::::::::::::::::::::::::::::::::::::::::::::::::
USER MODE
11/07/2018 11:43:43
Chat ID - 24027079
Bot User 24027079 - ericyjw (Eric, null)
Temasekian - Handsome (A0168055B) from Blk 
Temasekian matric updated: A0168055B
:::::::::::::::::::::::::::::::::::::::::::::::::
Eric got added to admin...
:::::::::::::::::::::::::::::::::::::::::::::::::
USER MODE
11/07/2018 11:43:46
Chat ID - 24027079
Bot User 24027079 - ericyjw (Eric, null)
Temasekian - Handsome (A0168055B) from Blk C
Temasekian blk updated: C
Temasekian REGISTERED
:::::::::::::::::::::::::::::::::::::::::::::::::
:::::::::::::::::::::::::::::::::::::::::::::::::
USER MODE
11/07/2018 11:43:48
Chat ID - 166483090
Bot User 166483090 - jayrometan (Jerome, null)
Temasekian - jdndnd (A0168191Y) from Blk 
Temasekian matric updated: A0168191Y
:::::::::::::::::::::::::::::::::::::::::::::::::
:::::::::::::::::::::::::::::::::::::::::::::::::
USER MODE
11/07/2018 11:43:49
Chat ID - 24027079
Bot User 24027079 - ericyjw (Eric, null)
Temasekian - Handsome (A0168055B) from Blk C
User requesting for help...
:::::::::::::::::::::::::::::::::::::::::::::::::
:::::::::::::::::::::::::::::::::::::::::::::::::
USER MODE
11/07/2018 11:43:52
Chat ID - 166483090
Bot User 166483090 - jayrometan (Jerome, null)
Temasekian - jdndnd (A0168191Y) from Blk D
Temasekian blk updated: D
Temasekian REGISTERED
:::::::::::::::::::::::::::::::::::::::::::::::::
:::::::::::::::::::::::::::::::::::::::::::::::::
USER MODE
11/07/2018 11:43:53
Chat ID - 24027079
Bot User 24027079 - ericyjw (Eric, null)
Temasekian - Handsome (A0168055B) from Blk C
User indicated that he/she is eating today's dinner!
:::::::::::::::::::::::::::::::::::::::::::::::::
:::::::::::::::::::::::::::::::::::::::::::::::::
USER MODE
11/07/2018 11:43:59
Chat ID - 166483090
Bot User 166483090 - jayrometan (Jerome, null)
Temasekian - jdndnd (A0168191Y) from Blk D
jdndnd has shared what is for dinner tonight!
Number of dinner pictures uploaded: 1
:::::::::::::::::::::::::::::::::::::::::::::::::
:::::::::::::::::::::::::::::::::::::::::::::::::
USER MODE
11/07/2018 11:44:05
Chat ID - 166483090
Bot User 166483090 - jayrometan (Jerome, null)
Temasekian - jdndnd (A0168191Y) from Blk D
User requested for dinner pictures...
Display 1 dinner picture(s)
:::::::::::::::::::::::::::::::::::::::::::::::::
:::::::::::::::::::::::::::::::::::::::::::::::::
USER MODE
11/07/2018 11:44:11
Chat ID - 166483090
Bot User 166483090 - jayrometan (Jerome, null)
Temasekian - jdndnd (A0168191Y) from Blk D
Not Eating - Matric Number Donated: A0168191Y
Number of Matric in system: 1
:::::::::::::::::::::::::::::::::::::::::::::::::
:::::::::::::::::::::::::::::::::::::::::::::::::
USER MODE
11/07/2018 11:44:21
Chat ID - 166483090
Bot User 166483090 - jayrometan (Jerome, null)
Temasekian - jdndnd (A0168191Y) from Blk D
Number Pls - Extra Matric Number: A0168191Y
Donor - jdndnd (A0168191Y) from Blk D
Number of Matric in system: 0
Number of Matric he still can take: 2
:::::::::::::::::::::::::::::::::::::::::::::::::
:::::::::::::::::::::::::::::::::::::::::::::::::
USER MODE
11/07/2018 11:44:24
Chat ID - 166483090
Bot User 166483090 - jayrometan (Jerome, null)
Temasekian - jdndnd (A0168191Y) from Blk D
Not Eating - Matric Number has been donated
Number of Matric in system: 0
:::::::::::::::::::::::::::::::::::::::::::::::::
:::::::::::::::::::::::::::::::::::::::::::::::::
USER MODE
11/07/2018 11:44:36
Chat ID - 166483090
Bot User 166483090 - jayrometan (Jerome, null)
Temasekian - jdndnd (A0168191Y) from Blk D
User has donated his/her number earlier on and thus prompted to use /numberpls to get his/her dinner...
:::::::::::::::::::::::::::::::::::::::::::::::::
:::::::::::::::::::::::::::::::::::::::::::::::::
USER MODE
11/07/2018 11:44:39
Chat ID - 24027079
Bot User 24027079 - ericyjw (Eric, null)
Temasekian - Handsome (A0168055B) from Blk C
Handsome has shared what is for dinner tonight!
Number of dinner pictures uploaded: 2
:::::::::::::::::::::::::::::::::::::::::::::::::
:::::::::::::::::::::::::::::::::::::::::::::::::
USER MODE
11/07/2018 11:44:39
Chat ID - 24027079
Bot User 24027079 - ericyjw (Eric, null)
Temasekian - Handsome (A0168055B) from Blk C
Handsome has shared what is for dinner tonight!
Number of dinner pictures uploaded: 3
:::::::::::::::::::::::::::::::::::::::::::::::::
:::::::::::::::::::::::::::::::::::::::::::::::::
USER MODE
11/07/2018 11:45:13
Chat ID - 166483090
Bot User 166483090 - jayrometan (Jerome, null)
Temasekian - jdndnd (A0168191Y) from Blk D
Number Pls - NO MORE NUMBER IN THE SYSTEM
Number of Matric in system: 0
:::::::::::::::::::::::::::::::::::::::::::::::::
:::::::::::::::::::::::::::::::::::::::::::::::::
USER MODE
11/07/2018 11:45:16
Chat ID - 24027079
Bot User 24027079 - ericyjw (Eric, null)
Temasekian - Handsome (A0168055B) from Blk C
Not Eating - Matric Number Donated: A0168055B
Number of Matric in system: 1
:::::::::::::::::::::::::::::::::::::::::::::::::
:::::::::::::::::::::::::::::::::::::::::::::::::
USER MODE
11/07/2018 11:45:28
Chat ID - 166483090
Bot User 166483090 - jayrometan (Jerome, null)
Temasekian - jdndnd (A0168191Y) from Blk D
Number Pls - Extra Matric Number: A0168055B
Donor - Handsome (A0168055B) from Blk C
Number of Matric in system: 0
Number of Matric he still can take: 1
:::::::::::::::::::::::::::::::::::::::::::::::::
:::::::::::::::::::::::::::::::::::::::::::::::::
USER MODE
11/07/2018 11:45:35
Chat ID - 166483090
Bot User 166483090 - jayrometan (Jerome, null)
Temasekian - jdndnd (A0168191Y) from Blk D
User thanks donor for extra matric!
Donor received a thank you note!
:::::::::::::::::::::::::::::::::::::::::::::::::
:::::::::::::::::::::::::::::::::::::::::::::::::
USER MODE
11/07/2018 11:46:15
Chat ID - 24027079
Bot User 24027079 - ericyjw (Eric, null)
Temasekian - Handsome (A0168055B) from Blk C
User requested for dinner pictures...
Display 3 dinner picture(s)
:::::::::::::::::::::::::::::::::::::::::::::::::
:::::::::::::::::::::::::::::::::::::::::::::::::
USER MODE
11/07/2018 11:46:40
Chat ID - 24027079
Bot User 24027079 - ericyjw (Eric, null)
Temasekian - Handsome (A0168055B) from Blk C
User attempt to report another user!
:::::::::::::::::::::::::::::::::::::::::::::::::
:::::::::::::::::::::::::::::::::::::::::::::::::
USER MODE
11/07/2018 11:46:59
Chat ID - 24027079
Bot User 24027079 - ericyjw (Eric, null)
Temasekian - Handsome (A0168055B) from Blk C
User is banning A0168191Y
:::::::::::::::::::::::::::::::::::::::::::::::::
:::::::::::::::::::::::::::::::::::::::::::::::::
USER MODE
11/07/2018 11:47:08
Chat ID - 24027079
Bot User 24027079 - ericyjw (Eric, null)
Temasekian - Handsome (A0168055B) from Blk C
Reported A0168191Y for "Being too handsome"
There are 1 reported case(s)
:::::::::::::::::::::::::::::::::::::::::::::::::
:::::::::::::::::::::::::::::::::::::::::::::::::
USER MODE
11/07/2018 11:47:22
Chat ID - 24027079
Bot User 24027079 - ericyjw (Eric, null)
Temasekian - Handsome (A0168055B) from Blk C
User requesting for help...
:::::::::::::::::::::::::::::::::::::::::::::::::
:::::::::::::::::::::::::::::::::::::::::::::::::
USER MODE
11/07/2018 11:47:29
Chat ID - 24027079
Bot User 24027079 - ericyjw (Eric, null)
Temasekian - Handsome (A0168055B) from Blk C
User attempt to give a feedback!
:::::::::::::::::::::::::::::::::::::::::::::::::
:::::::::::::::::::::::::::::::::::::::::::::::::
USER MODE
11/07/2018 11:47:33
Chat ID - 24027079
Bot User 24027079 - ericyjw (Eric, null)
Temasekian - Handsome (A0168055B) from Blk C
User gave a feedback - "Too sick a bot"
There are 1 feedback...
:::::::::::::::::::::::::::::::::::::::::::::::::
:::::::::::::::::::::::::::::::::::::::::::::::::
USER MODE
11/07/2018 11:47:40
Chat ID - 24027079
Bot User 24027079 - ericyjw (Eric, null)
Temasekian - Handsome (A0168055B) from Blk C
User is contacting the admin...
:::::::::::::::::::::::::::::::::::::::::::::::::
:::::::::::::::::::::::::::::::::::::::::::::::::
USER MODE
11/07/2018 11:47:48
Chat ID - 24027079
Bot User 24027079 - ericyjw (Eric, null)
Temasekian - Handsome (A0168055B) from Blk C
User contacted the admins...
Message - Contact Eric pls
:::::::::::::::::::::::::::::::::::::::::::::::::
:::::::::::::::::::::::::::::::::::::::::::::::::
USER MODE
11/07/2018 11:48:32
Chat ID - 24027079
Bot User 24027079 - ericyjw (Eric, null)
Temasekian - Handsome (A0168055B) from Blk C
User attempt to report another user!
:::::::::::::::::::::::::::::::::::::::::::::::::
:::::::::::::::::::::::::::::::::::::::::::::::::
USER MODE
11/07/2018 11:48:35
Chat ID - 24027079
Bot User 24027079 - ericyjw (Eric, null)
Temasekian - Handsome (A0168055B) from Blk C
Incorrect matric number: DHKS
:::::::::::::::::::::::::::::::::::::::::::::::::
:::::::::::::::::::::::::::::::::::::::::::::::::
USER MODE
11/07/2018 11:48:38
Chat ID - 24027079
Bot User 24027079 - ericyjw (Eric, null)
Temasekian - Handsome (A0168055B) from Blk C
User stopped reporting user...
:::::::::::::::::::::::::::::::::::::::::::::::::
:::::::::::::::::::::::::::::::::::::::::::::::::
USER MODE
11/07/2018 11:48:54
Chat ID - 24027079
Bot User 24027079 - ericyjw (Eric, null)
Temasekian - Handsome (A0168055B) from Blk C
User attempt to give a feedback!
:::::::::::::::::::::::::::::::::::::::::::::::::
:::::::::::::::::::::::::::::::::::::::::::::::::
USER MODE
11/07/2018 11:48:58
Chat ID - 24027079
Bot User 24027079 - ericyjw (Eric, null)
Temasekian - Handsome (A0168055B) from Blk C
User stopped giving feedback...
:::::::::::::::::::::::::::::::::::::::::::::::::
:::::::::::::::::::::::::::::::::::::::::::::::::
USER MODE
11/07/2018 11:49:06
Chat ID - 24027079
Bot User 24027079 - ericyjw (Eric, null)
Temasekian - Handsome (A0168055B) from Blk C
User is contacting the admin...
:::::::::::::::::::::::::::::::::::::::::::::::::
:::::::::::::::::::::::::::::::::::::::::::::::::
USER MODE
11/07/2018 11:49:34
Chat ID - 24027079
Bot User 24027079 - ericyjw (Eric, null)
Temasekian - Handsome (A0168055B) from Blk C
User contacted the admins...
Message - /eating
:::::::::::::::::::::::::::::::::::::::::::::::::
:::::::::::::::::::::::::::::::::::::::::::::::::
USER MODE
11/07/2018 11:49:43
Chat ID - 24027079
Bot User 24027079 - ericyjw (Eric, null)
Temasekian - Handsome (A0168055B) from Blk C
User requested for User ID
:::::::::::::::::::::::::::::::::::::::::::::::::
:::::::::::::::::::::::::::::::::::::::::::::::::
USER MODE
11/07/2018 11:50:10
Chat ID - 24027079
Bot User 24027079 - ericyjw (Eric, null)
Temasekian - Handsome (A0168055B) from Blk C
User viewing hidden admin commands...
:::::::::::::::::::::::::::::::::::::::::::::::::
:::::::::::::::::::::::::::::::::::::::::::::::::
USER MODE
11/07/2018 11:51:22
Chat ID - 24027079
Bot User 24027079 - ericyjw (Eric, null)
Temasekian -  (A0168055B) from Blk C
Changing Temasekian name
:::::::::::::::::::::::::::::::::::::::::::::::::
:::::::::::::::::::::::::::::::::::::::::::::::::
USER MODE
11/07/2018 11:51:30
Chat ID - 24027079
Bot User 24027079 - ericyjw (Eric, null)
Temasekian - Handsome Boii (A0168055B) from Blk C
Changed Temasekian Name to: Handsome Boii
:::::::::::::::::::::::::::::::::::::::::::::::::
:::::::::::::::::::::::::::::::::::::::::::::::::
USER MODE
11/07/2018 11:51:45
Chat ID - 24027079
Bot User 24027079 - ericyjw (Eric, null)
Temasekian - Handsome Boii (A0168055B) from Blk C
User requesting for help...
:::::::::::::::::::::::::::::::::::::::::::::::::
:::::::::::::::::::::::::::::::::::::::::::::::::
USER MODE
11/07/2018 11:51:48
Chat ID - 24027079
Bot User 24027079 - ericyjw (Eric, null)
Temasekian - Handsome Boii () from Blk C
Changing Temasekian matric
:::::::::::::::::::::::::::::::::::::::::::::::::
:::::::::::::::::::::::::::::::::::::::::::::::::
USER MODE
11/07/2018 11:52:41
Chat ID - 24027079
Bot User 24027079 - ericyjw (Eric, null)
Temasekian - Handsome Boii (A0168191Y) from Blk C
Changed Temasekian Matric to: A0168191Y
:::::::::::::::::::::::::::::::::::::::::::::::::
=================================================
ADMIN MODE
11/07/2018 11:54:49
Chat ID - 24027079
Bot User 24027079 - ericyjw (Eric, null)
Temasekian - Handsome Boii (A0168191Y) from Blk C
Attemping Admin Log In...
=================================================
=================================================
ADMIN MODE
11/07/2018 11:54:52
Chat ID - 24027079
Bot User 24027079 - ericyjw (Eric, null)
Temasekian - Handsome Boii (A0168191Y) from Blk C
Admin has logged in!
=================================================
=================================================
ADMIN MODE
11/07/2018 11:54:58
Chat ID - 24027079
Bot User 24027079 - ericyjw (Eric, null)
Temasekian - Handsome Boii (A0168191Y) from Blk C
Requesting for matric number to exchange for Telegram user id
=================================================
~~~~~~~~~~~~~~~~~~~~~~~~~~~~~~~~~~~~~~~~~~~~~~~~~
SYSTEM
11/07/2018 11:55:06
EXCEPTION: USER ENTERED INVALID COMMAND...
~~~~~~~~~~~~~~~~~~~~~~~~~~~~~~~~~~~~~~~~~~~~~~~~~
Exception:
java.lang.NullPointerException
=================================================
ADMIN MODE
11/07/2018 11:58:03
Chat ID - 24027079
Bot User 24027079 - ericyjw (Eric, null)
Temasekian - Handsome Boii (A0168191Y) from Blk C
Admin entered a matric number that is not registered...
Invalid matric - /USERS
=================================================
=================================================
ADMIN MODE
11/07/2018 11:58:18
Chat ID - 24027079
Bot User 24027079 - ericyjw (Eric, null)
Temasekian - Handsome Boii (A0168191Y) from Blk C
Admin returned to Admin Home...
=================================================
=================================================
ADMIN MODE
11/07/2018 11:58:19
Chat ID - 24027079
Bot User 24027079 - ericyjw (Eric, null)
Temasekian - Handsome Boii (A0168191Y) from Blk C
Admin viewing the list of users...
=================================================
Hour - 12
Min - 2
~~~~~~~~~~~~~~~~~~~~~~~~~~~~~~~~~~~~~~~~~~~~~~~~~
SYSTEM
11/07/2018 12:02:23
ourTHBot uploaded...
~~~~~~~~~~~~~~~~~~~~~~~~~~~~~~~~~~~~~~~~~~~~~~~~~
~~~~~~~~~~~~~~~~~~~~~~~~~~~~~~~~~~~~~~~~~~~~~~~~~
SYSTEM
11/07/2018 12:02:23
ourTHBot is online!!
~~~~~~~~~~~~~~~~~~~~~~~~~~~~~~~~~~~~~~~~~~~~~~~~~
~~~~~~~~~~~~~~~~~~~~~~~~~~~~~~~~~~~~~~~~~~~~~~~~~
SYSTEM
11/07/2018 12:02:39
New user registering...
~~~~~~~~~~~~~~~~~~~~~~~~~~~~~~~~~~~~~~~~~~~~~~~~~
:::::::::::::::::::::::::::::::::::::::::::::::::
USER MODE
11/07/2018 12:02:40
Chat ID - 24027079
Bot User 24027079 - ericyjw (Eric, null)
Temasekian -  () from Blk 
ERROR: System has been updated... Database reset...
User needs to registered himself again...
:::::::::::::::::::::::::::::::::::::::::::::::::
~~~~~~~~~~~~~~~~~~~~~~~~~~~~~~~~~~~~~~~~~~~~~~~~~
SYSTEM
11/07/2018 12:02:54
New user registering...
~~~~~~~~~~~~~~~~~~~~~~~~~~~~~~~~~~~~~~~~~~~~~~~~~
:::::::::::::::::::::::::::::::::::::::::::::::::
USER MODE
11/07/2018 12:02:54
Chat ID - 24027079
Bot User 24027079 - ericyjw (Eric, null)
Temasekian -  () from Blk 
User getting verified...
:::::::::::::::::::::::::::::::::::::::::::::::::
:::::::::::::::::::::::::::::::::::::::::::::::::
USER MODE
11/07/2018 12:03:01
Chat ID - 24027079
Bot User 24027079 - ericyjw (Eric, null)
Temasekian -  () from Blk 
User entered the incorrect verification code...
Incorrect Verification Code - erome
:::::::::::::::::::::::::::::::::::::::::::::::::
:::::::::::::::::::::::::::::::::::::::::::::::::
USER MODE
11/07/2018 12:03:08
Chat ID - 24027079
Bot User 24027079 - ericyjw (Eric, null)
Temasekian -  () from Blk 
Starts registration...
:::::::::::::::::::::::::::::::::::::::::::::::::
:::::::::::::::::::::::::::::::::::::::::::::::::
USER MODE
11/07/2018 12:03:20
Chat ID - 24027079
Bot User 24027079 - ericyjw (Eric, null)
Temasekian - Handsome () from Blk 
Temasekian name updated: Handsome
:::::::::::::::::::::::::::::::::::::::::::::::::
:::::::::::::::::::::::::::::::::::::::::::::::::
USER MODE
11/07/2018 12:03:40
Chat ID - 24027079
Bot User 24027079 - ericyjw (Eric, null)
Temasekian - Handsome (A0168055B) from Blk 
Temasekian matric updated: A0168055B
:::::::::::::::::::::::::::::::::::::::::::::::::
Eric got added to admin...
:::::::::::::::::::::::::::::::::::::::::::::::::
USER MODE
11/07/2018 12:03:44
Chat ID - 24027079
Bot User 24027079 - ericyjw (Eric, null)
Temasekian - Handsome (A0168055B) from Blk C
Temasekian blk updated: C
Temasekian REGISTERED
:::::::::::::::::::::::::::::::::::::::::::::::::
=================================================
ADMIN MODE
11/07/2018 12:03:48
Chat ID - 24027079
Bot User 24027079 - ericyjw (Eric, null)
Temasekian - Handsome (A0168055B) from Blk C
Attemping Admin Log In...
=================================================
=================================================
ADMIN MODE
11/07/2018 12:03:51
Chat ID - 24027079
Bot User 24027079 - ericyjw (Eric, null)
Temasekian - Handsome (A0168055B) from Blk C
Admin has logged in!
=================================================
=================================================
ADMIN MODE
11/07/2018 12:04:00
Chat ID - 24027079
Bot User 24027079 - ericyjw (Eric, null)
Temasekian - Handsome (A0168055B) from Blk C
Requesting for matric number to exchange for Telegram user id
=================================================
=================================================
ADMIN MODE
11/07/2018 12:04:10
Chat ID - 24027079
Bot User 24027079 - ericyjw (Eric, null)
Temasekian - Handsome (A0168055B) from Blk C
Admin exchanged martic number for userId... A0168055B -> 24027079
=================================================
=================================================
ADMIN MODE
11/07/2018 12:04:19
Chat ID - 24027079
Bot User 24027079 - ericyjw (Eric, null)
Temasekian - Handsome (A0168055B) from Blk C
Admin has logged out!
=================================================
:::::::::::::::::::::::::::::::::::::::::::::::::
USER MODE
11/07/2018 12:04:42
Chat ID - 24027079
Bot User 24027079 - ericyjw (Eric, null)
Temasekian - Handsome (A0168055B) from Blk C
User requesting for help...
:::::::::::::::::::::::::::::::::::::::::::::::::
:::::::::::::::::::::::::::::::::::::::::::::::::
USER MODE
11/07/2018 12:04:44
Chat ID - 24027079
Bot User 24027079 - ericyjw (Eric, null)
Temasekian - Handsome () from Blk C
Changing Temasekian matric
:::::::::::::::::::::::::::::::::::::::::::::::::
:::::::::::::::::::::::::::::::::::::::::::::::::
USER MODE
11/07/2018 12:04:53
Chat ID - 24027079
Bot User 24027079 - ericyjw (Eric, null)
Temasekian - Handsome (A0168191Y) from Blk C
Changed Temasekian Matric to: A0168191Y
:::::::::::::::::::::::::::::::::::::::::::::::::
=================================================
ADMIN MODE
11/07/2018 12:05:11
Chat ID - 24027079
Bot User 24027079 - ericyjw (Eric, null)
Temasekian - Handsome (A0168191Y) from Blk C
Attemping Admin Log In...
=================================================
=================================================
ADMIN MODE
11/07/2018 12:05:14
Chat ID - 24027079
Bot User 24027079 - ericyjw (Eric, null)
Temasekian - Handsome (A0168191Y) from Blk C
Admin has logged in!
=================================================
=================================================
ADMIN MODE
11/07/2018 12:05:19
Chat ID - 24027079
Bot User 24027079 - ericyjw (Eric, null)
Temasekian - Handsome (A0168191Y) from Blk C
Requesting for matric number to exchange for Telegram user id
=================================================
=================================================
ADMIN MODE
11/07/2018 12:05:27
Chat ID - 24027079
Bot User 24027079 - ericyjw (Eric, null)
Temasekian - Handsome (A0168191Y) from Blk C
Admin exchanged martic number for userId... A0168055B -> 24027079
=================================================
=================================================
ADMIN MODE
11/07/2018 12:05:42
Chat ID - 24027079
Bot User 24027079 - ericyjw (Eric, null)
Temasekian - Handsome (A0168191Y) from Blk C
Requesting for matric number to exchange for Telegram user id
=================================================
~~~~~~~~~~~~~~~~~~~~~~~~~~~~~~~~~~~~~~~~~~~~~~~~~
SYSTEM
11/07/2018 12:05:46
EXCEPTION: USER ENTERED INVALID COMMAND...
~~~~~~~~~~~~~~~~~~~~~~~~~~~~~~~~~~~~~~~~~~~~~~~~~
Exception:
java.lang.NullPointerException
=================================================
ADMIN MODE
11/07/2018 12:16:11
Chat ID - 24027079
Bot User 24027079 - ericyjw (Eric, null)
Temasekian - Handsome (A0168191Y) from Blk C
Admin entered a matric number that is not registered...
Invalid matric - /ADMINHELP
=================================================
=================================================
ADMIN MODE
11/07/2018 12:16:16
Chat ID - 24027079
Bot User 24027079 - ericyjw (Eric, null)
Temasekian - Handsome (A0168191Y) from Blk C
Admin returned to Admin Home...
=================================================
=================================================
ADMIN MODE
11/07/2018 12:17:20
Chat ID - 24027079
Bot User 24027079 - ericyjw (Eric, null)
Temasekian - Handsome (A0168191Y) from Blk C
Requesting for matric number to exchange for Telegram user id
=================================================
=================================================
ADMIN MODE
11/07/2018 12:17:45
Chat ID - 24027079
Bot User 24027079 - ericyjw (Eric, null)
Temasekian - Handsome (A0168191Y) from Blk C
Admin entered a matric number that is not registered...
Invalid matric - A0171888L
=================================================
